{"C:\\Users\\bulle\\Documents\\GitHub\\Holocron-Coding-Web\\matrix\\js\\node\\online\\LinkedIn\\TDD-es6\\mine\\src\\Server\\src\\mocha-setup.js":{"path":"C:\\Users\\bulle\\Documents\\GitHub\\Holocron-Coding-Web\\matrix\\js\\node\\online\\LinkedIn\\TDD-es6\\mine\\src\\Server\\src\\mocha-setup.js","statementMap":{"0":{"start":{"line":3,"column":0},"end":{"line":3,"column":39}},"1":{"start":{"line":4,"column":12},"end":{"line":4,"column":51}},"2":{"start":{"line":5,"column":19},"end":{"line":5,"column":66}},"3":{"start":{"line":6,"column":37},"end":{"line":6,"column":85}},"4":{"start":{"line":7,"column":0},"end":{"line":7,"column":46}}},"fnMap":{"0":{"name":"_interopRequireDefault","decl":{"start":{"line":6,"column":9},"end":{"line":6,"column":31}},"loc":{"start":{"line":6,"column":35},"end":{"line":6,"column":87}},"line":6}},"branchMap":{"0":{"loc":{"start":{"line":6,"column":44},"end":{"line":6,"column":84}},"type":"cond-expr","locations":[{"start":{"line":6,"column":64},"end":{"line":6,"column":65}},{"start":{"line":6,"column":68},"end":{"line":6,"column":84}}],"line":6},"1":{"loc":{"start":{"line":6,"column":44},"end":{"line":6,"column":61}},"type":"binary-expr","locations":[{"start":{"line":6,"column":44},"end":{"line":6,"column":45}},{"start":{"line":6,"column":49},"end":{"line":6,"column":61}}],"line":6}},"s":{"0":1,"1":1,"2":1,"3":2,"4":1},"f":{"0":2},"b":{"0":[1,1],"1":[2,2]},"inputSourceMap":{"version":3,"names":["require","_chai","_interopRequireDefault","_chaiExclude","e","__esModule","chai","use","chaiExclude"],"sourceRoot":"C:\\Users\\bulle\\Documents\\GitHub\\Holocron-Coding-Web\\matrix\\js\\node\\online\\LinkedIn\\TDD-es6\\mine\\src\\Server\\src\\","sources":["mocha-setup.js"],"sourcesContent":["import 'regenerator-runtime/runtime';\r\n\r\nimport chai from 'chai';\r\nimport chaiExclude from 'chai-exclude';\r\nchai.use(chaiExclude);\r\n"],"mappings":";;AAAAA,OAAA;AAEA,IAAAC,KAAA,GAAAC,sBAAA,CAAAF,OAAA;AACA,IAAAG,YAAA,GAAAD,sBAAA,CAAAF,OAAA;AAAuC,SAAAE,uBAAAE,CAAA,WAAAA,CAAA,IAAAA,CAAA,CAAAC,UAAA,GAAAD,CAAA,gBAAAA,CAAA;AACvCE,gBAAI,CAACC,GAAG,CAACC,uBAAW,CAAC","ignoreList":[]},"_coverageSchema":"1a1c01bbd47fc00a2c39e90264f33305004495a9","hash":"eb7678b2d6523f96d3ae59fad758e47cf68b421d","contentHash":"6f5e4486bdbaeee185e3983e82b37df46589450090bddc9535bdfedc306739d3"},"C:\\Users\\bulle\\Documents\\GitHub\\Holocron-Coding-Web\\matrix\\js\\node\\online\\LinkedIn\\TDD-es6\\mine\\src\\Server\\src\\db.js":{"path":"C:\\Users\\bulle\\Documents\\GitHub\\Holocron-Coding-Web\\matrix\\js\\node\\online\\LinkedIn\\TDD-es6\\mine\\src\\Server\\src\\db.js","statementMap":{"0":{"start":{"line":3,"column":0},"end":{"line":5,"column":3}},"1":{"start":{"line":6,"column":0},"end":{"line":6,"column":56}},"2":{"start":{"line":7,"column":15},"end":{"line":7,"column":33}},"3":{"start":{"line":8,"column":203},"end":{"line":8,"column":244}},"4":{"start":{"line":8,"column":250},"end":{"line":8,"column":276}},"5":{"start":{"line":8,"column":282},"end":{"line":8,"column":314}},"6":{"start":{"line":8,"column":349},"end":{"line":8,"column":402}},"7":{"start":{"line":8,"column":408},"end":{"line":8,"column":434}},"8":{"start":{"line":8,"column":436},"end":{"line":8,"column":1795}},"9":{"start":{"line":8,"column":515},"end":{"line":8,"column":516}},"10":{"start":{"line":8,"column":522},"end":{"line":8,"column":529}},"11":{"start":{"line":8,"column":535},"end":{"line":8,"column":537}},"12":{"start":{"line":8,"column":543},"end":{"line":8,"column":651}},"13":{"start":{"line":8,"column":608},"end":{"line":8,"column":647}},"14":{"start":{"line":8,"column":672},"end":{"line":8,"column":1009}},"15":{"start":{"line":8,"column":747},"end":{"line":8,"column":751}},"16":{"start":{"line":8,"column":757},"end":{"line":8,"column":760}},"17":{"start":{"line":8,"column":766},"end":{"line":8,"column":770}},"18":{"start":{"line":8,"column":772},"end":{"line":8,"column":1007}},"19":{"start":{"line":8,"column":1010},"end":{"line":8,"column":1035}},"20":{"start":{"line":8,"column":1026},"end":{"line":8,"column":1035}},"21":{"start":{"line":8,"column":1036},"end":{"line":8,"column":1052}},"22":{"start":{"line":8,"column":1055},"end":{"line":8,"column":1775}},"23":{"start":{"line":8,"column":1083},"end":{"line":8,"column":1142}},"24":{"start":{"line":8,"column":1094},"end":{"line":8,"column":1142}},"25":{"start":{"line":8,"column":1143},"end":{"line":8,"column":1742}},"26":{"start":{"line":8,"column":1217},"end":{"line":8,"column":1287}},"27":{"start":{"line":8,"column":1288},"end":{"line":8,"column":1740}},"28":{"start":{"line":8,"column":1294},"end":{"line":8,"column":1684}},"29":{"start":{"line":8,"column":1310},"end":{"line":8,"column":1613}},"30":{"start":{"line":8,"column":1345},"end":{"line":8,"column":1422}},"31":{"start":{"line":8,"column":1370},"end":{"line":8,"column":1422}},"32":{"start":{"line":8,"column":1423},"end":{"line":8,"column":1445}},"33":{"start":{"line":8,"column":1436},"end":{"line":8,"column":1445}},"34":{"start":{"line":8,"column":1446},"end":{"line":8,"column":1476}},"35":{"start":{"line":8,"column":1484},"end":{"line":8,"column":1613}},"36":{"start":{"line":8,"column":1614},"end":{"line":8,"column":1620}},"37":{"start":{"line":8,"column":1628},"end":{"line":8,"column":1684}},"38":{"start":{"line":8,"column":1678},"end":{"line":8,"column":1684}},"39":{"start":{"line":8,"column":1699},"end":{"line":8,"column":1719}},"40":{"start":{"line":8,"column":1732},"end":{"line":8,"column":1738}},"41":{"start":{"line":8,"column":1743},"end":{"line":8,"column":1772}},"42":{"start":{"line":8,"column":1806},"end":{"line":8,"column":1808}},"43":{"start":{"line":8,"column":1907},"end":{"line":8,"column":1933}},"44":{"start":{"line":8,"column":1942},"end":{"line":8,"column":2031}},"45":{"start":{"line":8,"column":2012},"end":{"line":8,"column":2024}},"46":{"start":{"line":8,"column":2037},"end":{"line":8,"column":2114}},"47":{"start":{"line":8,"column":2132},"end":{"line":8,"column":2344}},"48":{"start":{"line":8,"column":2347},"end":{"line":8,"column":2961}},"49":{"start":{"line":8,"column":2792},"end":{"line":8,"column":2804}},"50":{"start":{"line":8,"column":2858},"end":{"line":8,"column":2886}},"51":{"start":{"line":8,"column":2933},"end":{"line":8,"column":2955}},"52":{"start":{"line":9,"column":51},"end":{"line":9,"column":72}},"53":{"start":{"line":9,"column":74},"end":{"line":9,"column":117}},"54":{"start":{"line":9,"column":80},"end":{"line":9,"column":94}},"55":{"start":{"line":9,"column":109},"end":{"line":9,"column":115}},"56":{"start":{"line":9,"column":118},"end":{"line":9,"column":468}},"57":{"start":{"line":9,"column":182},"end":{"line":9,"column":432}},"58":{"start":{"line":9,"column":189},"end":{"line":9,"column":274}},"59":{"start":{"line":9,"column":289},"end":{"line":9,"column":384}},"60":{"start":{"line":9,"column":308},"end":{"line":9,"column":382}},"61":{"start":{"line":9,"column":349},"end":{"line":9,"column":378}},"62":{"start":{"line":9,"column":386},"end":{"line":9,"column":430}},"63":{"start":{"line":10,"column":51},"end":{"line":10,"column":120}},"64":{"start":{"line":10,"column":65},"end":{"line":10,"column":72}},"65":{"start":{"line":10,"column":78},"end":{"line":10,"column":85}},"66":{"start":{"line":10,"column":101},"end":{"line":10,"column":118}},"67":{"start":{"line":10,"column":121},"end":{"line":10,"column":167}},"68":{"start":{"line":11,"column":32},"end":{"line":11,"column":319}},"69":{"start":{"line":11,"column":61},"end":{"line":11,"column":65}},"70":{"start":{"line":11,"column":71},"end":{"line":11,"column":80}},"71":{"start":{"line":11,"column":82},"end":{"line":11,"column":316}},"72":{"start":{"line":11,"column":127},"end":{"line":11,"column":140}},"73":{"start":{"line":11,"column":162},"end":{"line":11,"column":216}},"74":{"start":{"line":11,"column":240},"end":{"line":11,"column":295}},"75":{"start":{"line":11,"column":298},"end":{"line":11,"column":312}},"76":{"start":{"line":12,"column":14},"end":{"line":12,"column":69}},"77":{"start":{"line":13,"column":24},"end":{"line":38,"column":3}},"78":{"start":{"line":14,"column":13},"end":{"line":34,"column":5}},"79":{"start":{"line":16,"column":4},"end":{"line":33,"column":16}},"80":{"start":{"line":17,"column":6},"end":{"line":32,"column":7}},"81":{"start":{"line":17,"column":16},"end":{"line":32,"column":7}},"82":{"start":{"line":19,"column":10},"end":{"line":19,"column":25}},"83":{"start":{"line":20,"column":10},"end":{"line":20,"column":92}},"84":{"start":{"line":22,"column":10},"end":{"line":22,"column":30}},"85":{"start":{"line":23,"column":10},"end":{"line":23,"column":34}},"86":{"start":{"line":24,"column":10},"end":{"line":24,"column":25}},"87":{"start":{"line":25,"column":10},"end":{"line":27,"column":13}},"88":{"start":{"line":29,"column":10},"end":{"line":29,"column":30}},"89":{"start":{"line":30,"column":10},"end":{"line":30,"column":25}},"90":{"start":{"line":31,"column":10},"end":{"line":31,"column":39}},"91":{"start":{"line":35,"column":2},"end":{"line":37,"column":4}},"92":{"start":{"line":36,"column":4},"end":{"line":36,"column":39}},"93":{"start":{"line":39,"column":15},"end":{"line":41,"column":1}}},"fnMap":{"0":{"name":"_regenerator","decl":{"start":{"line":8,"column":9},"end":{"line":8,"column":21}},"loc":{"start":{"line":8,"column":24},"end":{"line":8,"column":2963}},"line":8},"1":{"name":"i","decl":{"start":{"line":8,"column":325},"end":{"line":8,"column":326}},"loc":{"start":{"line":8,"column":339},"end":{"line":8,"column":1797}},"line":8},"2":{"name":"(anonymous_2)","decl":{"start":{"line":8,"column":477},"end":{"line":8,"column":478}},"loc":{"start":{"line":8,"column":496},"end":{"line":8,"column":1777}},"line":8},"3":{"name":"d","decl":{"start":{"line":8,"column":598},"end":{"line":8,"column":599}},"loc":{"start":{"line":8,"column":606},"end":{"line":8,"column":649}},"line":8},"4":{"name":"d","decl":{"start":{"line":8,"column":662},"end":{"line":8,"column":663}},"loc":{"start":{"line":8,"column":670},"end":{"line":8,"column":1054}},"line":8},"5":{"name":"(anonymous_5)","decl":{"start":{"line":8,"column":1062},"end":{"line":8,"column":1063}},"loc":{"start":{"line":8,"column":1081},"end":{"line":8,"column":1774}},"line":8},"6":{"name":"Generator","decl":{"start":{"line":8,"column":1819},"end":{"line":8,"column":1828}},"loc":{"start":{"line":8,"column":1831},"end":{"line":8,"column":1833}},"line":8},"7":{"name":"GeneratorFunction","decl":{"start":{"line":8,"column":1843},"end":{"line":8,"column":1860}},"loc":{"start":{"line":8,"column":1863},"end":{"line":8,"column":1865}},"line":8},"8":{"name":"GeneratorFunctionPrototype","decl":{"start":{"line":8,"column":1875},"end":{"line":8,"column":1901}},"loc":{"start":{"line":8,"column":1904},"end":{"line":8,"column":1906}},"line":8},"9":{"name":"(anonymous_9)","decl":{"start":{"line":8,"column":1998},"end":{"line":8,"column":1999}},"loc":{"start":{"line":8,"column":2010},"end":{"line":8,"column":2026}},"line":8},"10":{"name":"f","decl":{"start":{"line":8,"column":2125},"end":{"line":8,"column":2126}},"loc":{"start":{"line":8,"column":2130},"end":{"line":8,"column":2346}},"line":8},"11":{"name":"(anonymous_11)","decl":{"start":{"line":8,"column":2778},"end":{"line":8,"column":2779}},"loc":{"start":{"line":8,"column":2790},"end":{"line":8,"column":2806}},"line":8},"12":{"name":"(anonymous_12)","decl":{"start":{"line":8,"column":2844},"end":{"line":8,"column":2845}},"loc":{"start":{"line":8,"column":2856},"end":{"line":8,"column":2888}},"line":8},"13":{"name":"_regenerator","decl":{"start":{"line":8,"column":2916},"end":{"line":8,"column":2928}},"loc":{"start":{"line":8,"column":2931},"end":{"line":8,"column":2957}},"line":8},"14":{"name":"_regeneratorDefine2","decl":{"start":{"line":9,"column":9},"end":{"line":9,"column":28}},"loc":{"start":{"line":9,"column":41},"end":{"line":9,"column":470}},"line":9},"15":{"name":"_regeneratorDefine","decl":{"start":{"line":9,"column":149},"end":{"line":9,"column":167}},"loc":{"start":{"line":9,"column":180},"end":{"line":9,"column":434}},"line":9},"16":{"name":"o","decl":{"start":{"line":9,"column":298},"end":{"line":9,"column":299}},"loc":{"start":{"line":9,"column":306},"end":{"line":9,"column":384}},"line":9},"17":{"name":"(anonymous_17)","decl":{"start":{"line":9,"column":334},"end":{"line":9,"column":335}},"loc":{"start":{"line":9,"column":347},"end":{"line":9,"column":380}},"line":9},"18":{"name":"asyncGeneratorStep","decl":{"start":{"line":10,"column":9},"end":{"line":10,"column":27}},"loc":{"start":{"line":10,"column":49},"end":{"line":10,"column":169}},"line":10},"19":{"name":"_asyncToGenerator","decl":{"start":{"line":11,"column":9},"end":{"line":11,"column":26}},"loc":{"start":{"line":11,"column":30},"end":{"line":11,"column":321}},"line":11},"20":{"name":"(anonymous_20)","decl":{"start":{"line":11,"column":39},"end":{"line":11,"column":40}},"loc":{"start":{"line":11,"column":51},"end":{"line":11,"column":318}},"line":11},"21":{"name":"(anonymous_21)","decl":{"start":{"line":11,"column":101},"end":{"line":11,"column":102}},"loc":{"start":{"line":11,"column":117},"end":{"line":11,"column":314}},"line":11},"22":{"name":"_next","decl":{"start":{"line":11,"column":151},"end":{"line":11,"column":156}},"loc":{"start":{"line":11,"column":160},"end":{"line":11,"column":218}},"line":11},"23":{"name":"_throw","decl":{"start":{"line":11,"column":228},"end":{"line":11,"column":234}},"loc":{"start":{"line":11,"column":238},"end":{"line":11,"column":297}},"line":11},"24":{"name":"(anonymous_24)","decl":{"start":{"line":13,"column":65},"end":{"line":13,"column":66}},"loc":{"start":{"line":13,"column":77},"end":{"line":38,"column":1}},"line":13},"25":{"name":"_callee","decl":{"start":{"line":14,"column":70},"end":{"line":14,"column":77}},"loc":{"start":{"line":14,"column":88},"end":{"line":34,"column":3}},"line":14},"26":{"name":"(anonymous_26)","decl":{"start":{"line":16,"column":28},"end":{"line":16,"column":29}},"loc":{"start":{"line":16,"column":48},"end":{"line":33,"column":5}},"line":16},"27":{"name":"getUserByUsername","decl":{"start":{"line":35,"column":18},"end":{"line":35,"column":35}},"loc":{"start":{"line":35,"column":40},"end":{"line":37,"column":3}},"line":35}},"branchMap":{"0":{"loc":{"start":{"line":8,"column":203},"end":{"line":8,"column":244}},"type":"cond-expr","locations":[{"start":{"line":8,"column":233},"end":{"line":8,"column":239}},{"start":{"line":8,"column":242},"end":{"line":8,"column":244}}],"line":8},"1":{"loc":{"start":{"line":8,"column":250},"end":{"line":8,"column":276}},"type":"binary-expr","locations":[{"start":{"line":8,"column":250},"end":{"line":8,"column":260}},{"start":{"line":8,"column":264},"end":{"line":8,"column":276}}],"line":8},"2":{"loc":{"start":{"line":8,"column":282},"end":{"line":8,"column":314}},"type":"binary-expr","locations":[{"start":{"line":8,"column":282},"end":{"line":8,"column":295}},{"start":{"line":8,"column":299},"end":{"line":8,"column":314}}],"line":8},"3":{"loc":{"start":{"line":8,"column":349},"end":{"line":8,"column":402}},"type":"cond-expr","locations":[{"start":{"line":8,"column":389},"end":{"line":8,"column":390}},{"start":{"line":8,"column":393},"end":{"line":8,"column":402}}],"line":8},"4":{"loc":{"start":{"line":8,"column":349},"end":{"line":8,"column":386}},"type":"binary-expr","locations":[{"start":{"line":8,"column":349},"end":{"line":8,"column":350}},{"start":{"line":8,"column":354},"end":{"line":8,"column":386}}],"line":8},"5":{"loc":{"start":{"line":8,"column":522},"end":{"line":8,"column":529}},"type":"binary-expr","locations":[{"start":{"line":8,"column":522},"end":{"line":8,"column":523}},{"start":{"line":8,"column":527},"end":{"line":8,"column":529}}],"line":8},"6":{"loc":{"start":{"line":8,"column":698},"end":{"line":8,"column":727}},"type":"binary-expr","locations":[{"start":{"line":8,"column":698},"end":{"line":8,"column":700}},{"start":{"line":8,"column":704},"end":{"line":8,"column":705}},{"start":{"line":8,"column":709},"end":{"line":8,"column":711}},{"start":{"line":8,"column":715},"end":{"line":8,"column":727}}],"line":8},"7":{"loc":{"start":{"line":8,"column":772},"end":{"line":8,"column":1006}},"type":"cond-expr","locations":[{"start":{"line":8,"column":780},"end":{"line":8,"column":850}},{"start":{"line":8,"column":853},"end":{"line":8,"column":1006}}],"line":8},"8":{"loc":{"start":{"line":8,"column":780},"end":{"line":8,"column":850}},"type":"binary-expr","locations":[{"start":{"line":8,"column":781},"end":{"line":8,"column":792}},{"start":{"line":8,"column":798},"end":{"line":8,"column":849}}],"line":8},"9":{"loc":{"start":{"line":8,"column":804},"end":{"line":8,"column":831}},"type":"cond-expr","locations":[{"start":{"line":8,"column":817},"end":{"line":8,"column":818}},{"start":{"line":8,"column":822},"end":{"line":8,"column":830}}],"line":8},"10":{"loc":{"start":{"line":8,"column":853},"end":{"line":8,"column":1006}},"type":"binary-expr","locations":[{"start":{"line":8,"column":853},"end":{"line":8,"column":862}},{"start":{"line":8,"column":867},"end":{"line":8,"column":1005}}],"line":8},"11":{"loc":{"start":{"line":8,"column":867},"end":{"line":8,"column":1005}},"type":"cond-expr","locations":[{"start":{"line":8,"column":894},"end":{"line":8,"column":920}},{"start":{"line":8,"column":924},"end":{"line":8,"column":1005}}],"line":8},"12":{"loc":{"start":{"line":8,"column":872},"end":{"line":8,"column":889}},"type":"binary-expr","locations":[{"start":{"line":8,"column":872},"end":{"line":8,"column":877}},{"start":{"line":8,"column":881},"end":{"line":8,"column":889}}],"line":8},"13":{"loc":{"start":{"line":8,"column":924},"end":{"line":8,"column":1005}},"type":"binary-expr","locations":[{"start":{"line":8,"column":924},"end":{"line":8,"column":929}},{"start":{"line":8,"column":934},"end":{"line":8,"column":964}},{"start":{"line":8,"column":970},"end":{"line":8,"column":1004}}],"line":8},"14":{"loc":{"start":{"line":8,"column":938},"end":{"line":8,"column":964}},"type":"binary-expr","locations":[{"start":{"line":8,"column":938},"end":{"line":8,"column":943}},{"start":{"line":8,"column":947},"end":{"line":8,"column":955}},{"start":{"line":8,"column":959},"end":{"line":8,"column":964}}],"line":8},"15":{"loc":{"start":{"line":8,"column":1010},"end":{"line":8,"column":1035}},"type":"if","locations":[{"start":{"line":8,"column":1010},"end":{"line":8,"column":1035}},{"start":{},"end":{}}],"line":8},"16":{"loc":{"start":{"line":8,"column":1014},"end":{"line":8,"column":1024}},"type":"binary-expr","locations":[{"start":{"line":8,"column":1014},"end":{"line":8,"column":1015}},{"start":{"line":8,"column":1019},"end":{"line":8,"column":1024}}],"line":8},"17":{"loc":{"start":{"line":8,"column":1083},"end":{"line":8,"column":1142}},"type":"if","locations":[{"start":{"line":8,"column":1083},"end":{"line":8,"column":1142}},{"start":{},"end":{}}],"line":8},"18":{"loc":{"start":{"line":8,"column":1148},"end":{"line":8,"column":1171}},"type":"binary-expr","locations":[{"start":{"line":8,"column":1148},"end":{"line":8,"column":1149}},{"start":{"line":8,"column":1153},"end":{"line":8,"column":1160}},{"start":{"line":8,"column":1164},"end":{"line":8,"column":1171}}],"line":8},"19":{"loc":{"start":{"line":8,"column":1187},"end":{"line":8,"column":1212}},"type":"binary-expr","locations":[{"start":{"line":8,"column":1188},"end":{"line":8,"column":1205}},{"start":{"line":8,"column":1210},"end":{"line":8,"column":1212}}],"line":8},"20":{"loc":{"start":{"line":8,"column":1192},"end":{"line":8,"column":1205}},"type":"cond-expr","locations":[{"start":{"line":8,"column":1200},"end":{"line":8,"column":1201}},{"start":{"line":8,"column":1204},"end":{"line":8,"column":1205}}],"line":8},"21":{"loc":{"start":{"line":8,"column":1217},"end":{"line":8,"column":1286}},"type":"binary-expr","locations":[{"start":{"line":8,"column":1217},"end":{"line":8,"column":1218}},{"start":{"line":8,"column":1223},"end":{"line":8,"column":1285}}],"line":8},"22":{"loc":{"start":{"line":8,"column":1223},"end":{"line":8,"column":1285}},"type":"cond-expr","locations":[{"start":{"line":8,"column":1227},"end":{"line":8,"column":1275}},{"start":{"line":8,"column":1278},"end":{"line":8,"column":1285}}],"line":8},"23":{"loc":{"start":{"line":8,"column":1227},"end":{"line":8,"column":1275}},"type":"cond-expr","locations":[{"start":{"line":8,"column":1236},"end":{"line":8,"column":1264}},{"start":{"line":8,"column":1268},"end":{"line":8,"column":1275}}],"line":8},"24":{"loc":{"start":{"line":8,"column":1236},"end":{"line":8,"column":1255}},"type":"binary-expr","locations":[{"start":{"line":8,"column":1236},"end":{"line":8,"column":1241}},{"start":{"line":8,"column":1246},"end":{"line":8,"column":1254}}],"line":8},"25":{"loc":{"start":{"line":8,"column":1294},"end":{"line":8,"column":1684}},"type":"if","locations":[{"start":{"line":8,"column":1294},"end":{"line":8,"column":1684}},{"start":{"line":8,"column":1628},"end":{"line":8,"column":1684}}],"line":8},"26":{"loc":{"start":{"line":8,"column":1310},"end":{"line":8,"column":1613}},"type":"if","locations":[{"start":{"line":8,"column":1310},"end":{"line":8,"column":1613}},{"start":{"line":8,"column":1484},"end":{"line":8,"column":1613}}],"line":8},"27":{"loc":{"start":{"line":8,"column":1314},"end":{"line":8,"column":1331}},"type":"binary-expr","locations":[{"start":{"line":8,"column":1314},"end":{"line":8,"column":1315}},{"start":{"line":8,"column":1320},"end":{"line":8,"column":1330}}],"line":8},"28":{"loc":{"start":{"line":8,"column":1345},"end":{"line":8,"column":1422}},"type":"if","locations":[{"start":{"line":8,"column":1345},"end":{"line":8,"column":1422}},{"start":{},"end":{}}],"line":8},"29":{"loc":{"start":{"line":8,"column":1423},"end":{"line":8,"column":1445}},"type":"if","locations":[{"start":{"line":8,"column":1423},"end":{"line":8,"column":1445}},{"start":{},"end":{}}],"line":8},"30":{"loc":{"start":{"line":8,"column":1459},"end":{"line":8,"column":1475}},"type":"binary-expr","locations":[{"start":{"line":8,"column":1459},"end":{"line":8,"column":1464}},{"start":{"line":8,"column":1469},"end":{"line":8,"column":1474}}],"line":8},"31":{"loc":{"start":{"line":8,"column":1484},"end":{"line":8,"column":1525}},"type":"binary-expr","locations":[{"start":{"line":8,"column":1484},"end":{"line":8,"column":1491}},{"start":{"line":8,"column":1496},"end":{"line":8,"column":1511}},{"start":{"line":8,"column":1516},"end":{"line":8,"column":1525}}],"line":8},"32":{"loc":{"start":{"line":8,"column":1527},"end":{"line":8,"column":1612}},"type":"binary-expr","locations":[{"start":{"line":8,"column":1527},"end":{"line":8,"column":1532}},{"start":{"line":8,"column":1537},"end":{"line":8,"column":1611}}],"line":8},"33":{"loc":{"start":{"line":8,"column":1628},"end":{"line":8,"column":1684}},"type":"if","locations":[{"start":{"line":8,"column":1628},"end":{"line":8,"column":1684}},{"start":{},"end":{}}],"line":8},"34":{"loc":{"start":{"line":8,"column":1637},"end":{"line":8,"column":1669}},"type":"cond-expr","locations":[{"start":{"line":8,"column":1653},"end":{"line":8,"column":1654}},{"start":{"line":8,"column":1657},"end":{"line":8,"column":1669}}],"line":8},"35":{"loc":{"start":{"line":8,"column":1942},"end":{"line":8,"column":2031}},"type":"cond-expr","locations":[{"start":{"line":8,"column":1950},"end":{"line":8,"column":1963}},{"start":{"line":8,"column":1967},"end":{"line":8,"column":2030}}],"line":8},"36":{"loc":{"start":{"line":8,"column":2139},"end":{"line":8,"column":2308}},"type":"cond-expr","locations":[{"start":{"line":8,"column":2163},"end":{"line":8,"column":2215}},{"start":{"line":8,"column":2219},"end":{"line":8,"column":2307}}],"line":8},"37":{"loc":{"start":{"line":9,"column":182},"end":{"line":9,"column":432}},"type":"if","locations":[{"start":{"line":9,"column":182},"end":{"line":9,"column":432}},{"start":{"line":9,"column":279},"end":{"line":9,"column":432}}],"line":9},"38":{"loc":{"start":{"line":9,"column":189},"end":{"line":9,"column":273}},"type":"cond-expr","locations":[{"start":{"line":9,"column":193},"end":{"line":9,"column":262}},{"start":{"line":9,"column":265},"end":{"line":9,"column":273}}],"line":9},"39":{"loc":{"start":{"line":10,"column":121},"end":{"line":10,"column":166}},"type":"cond-expr","locations":[{"start":{"line":10,"column":130},"end":{"line":10,"column":134}},{"start":{"line":10,"column":137},"end":{"line":10,"column":166}}],"line":10},"40":{"loc":{"start":{"line":12,"column":14},"end":{"line":12,"column":69}},"type":"cond-expr","locations":[{"start":{"line":12,"column":48},"end":{"line":12,"column":57}},{"start":{"line":12,"column":60},"end":{"line":12,"column":69}}],"line":12},"41":{"loc":{"start":{"line":17,"column":16},"end":{"line":32,"column":7}},"type":"switch","locations":[{"start":{"line":18,"column":8},"end":{"line":20,"column":92}},{"start":{"line":21,"column":8},"end":{"line":27,"column":13}},{"start":{"line":28,"column":8},"end":{"line":31,"column":39}}],"line":17}},"s":{"0":1,"1":1,"2":1,"3":1,"4":1,"5":1,"6":2,"7":2,"8":2,"9":2,"10":2,"11":2,"12":2,"13":0,"14":4,"15":0,"16":0,"17":0,"18":0,"19":4,"20":4,"21":0,"22":2,"23":6,"24":0,"25":6,"26":8,"27":8,"28":8,"29":0,"30":0,"31":0,"32":0,"33":0,"34":0,"35":0,"36":0,"37":8,"38":6,"39":0,"40":8,"41":6,"42":1,"43":1,"44":1,"45":0,"46":1,"47":1,"48":1,"49":0,"50":0,"51":3,"52":1,"53":1,"54":1,"55":0,"56":1,"57":12,"58":11,"59":1,"60":3,"61":6,"62":1,"63":6,"64":6,"65":6,"66":0,"67":6,"68":1,"69":2,"70":2,"71":2,"72":2,"73":6,"74":0,"75":2,"76":1,"77":1,"78":1,"79":2,"80":6,"81":6,"82":2,"83":2,"84":2,"85":2,"86":2,"87":2,"88":2,"89":2,"90":2,"91":1,"92":2,"93":1},"f":{"0":1,"1":2,"2":2,"3":0,"4":4,"5":6,"6":0,"7":0,"8":0,"9":0,"10":1,"11":0,"12":0,"13":3,"14":1,"15":12,"16":3,"17":6,"18":6,"19":1,"20":2,"21":2,"22":6,"23":0,"24":1,"25":2,"26":6,"27":2},"b":{"0":[1,0],"1":[1,0],"2":[1,0],"3":[2,0],"4":[2,2],"5":[2,2],"6":[4,4,4,4],"7":[0,0],"8":[0,0],"9":[0,0],"10":[0,0],"11":[0,0],"12":[0,0],"13":[0,0,0],"14":[0,0,0],"15":[4,0],"16":[4,4],"17":[0,6],"18":[6,0,0],"19":[8,7],"20":[6,2],"21":[8,8],"22":[2,6],"23":[2,0],"24":[2,2],"25":[0,8],"26":[0,0],"27":[0,0],"28":[0,0],"29":[0,0],"30":[0,0],"31":[0,0,0],"32":[0,0],"33":[6,2],"34":[2,6],"35":[1,0],"36":[1,0],"37":[11,1],"38":[11,0],"39":[2,4],"40":[0,1],"41":[2,2,2]},"inputSourceMap":{"version":3,"names":["_mongodb","require","_regenerator","e","t","r","Symbol","n","iterator","o","toStringTag","i","c","prototype","Generator","u","Object","create","_regeneratorDefine2","f","p","y","G","v","a","d","bind","length","l","TypeError","call","done","value","GeneratorFunction","GeneratorFunctionPrototype","getPrototypeOf","setPrototypeOf","__proto__","displayName","w","m","defineProperty","_regeneratorDefine","enumerable","configurable","writable","_invoke","asyncGeneratorStep","Promise","resolve","then","_asyncToGenerator","arguments","apply","_next","_throw","DB_NAME","process","env","NODE_ENV","getUserByUsername","exports","_ref","_callee","username","client","db","result","_context","MongoClient","connect","concat","collection","findOne","close","_x","_default"],"sourceRoot":"C:\\Users\\bulle\\Documents\\GitHub\\Holocron-Coding-Web\\matrix\\js\\node\\online\\LinkedIn\\TDD-es6\\mine\\src\\Server\\src\\","sources":["db.js"],"sourcesContent":["import { MongoClient } from 'mongodb';\r\n\r\nconst DB_NAME = process.env.NODE_ENV === 'test' ? 'TEST_DB' : 'PROD_DB';\r\n\r\nexport const getUserByUsername = async username => {\r\n  const client = await MongoClient.connect(\r\n    `mongodb://localhost:27017/${DB_NAME}`\r\n  );\r\n  const db = client.db(DB_NAME);\r\n\r\n  const result = await db.collection('users').findOne({ username });\r\n\r\n  client.close();\r\n\r\n  return result;\r\n};\r\n\r\nexport default {\r\n  getUserByUsername,\r\n};\r\n"],"mappings":";;;;;;AAAA,IAAAA,QAAA,GAAAC,OAAA;AAAsC,SAAAC,aAAA,IACtC,uKAAAC,CAAA,EAAAC,CAAA,EAAAC,CAAA,wBAAAC,MAAA,GAAAA,MAAA,OAAAC,CAAA,GAAAF,CAAA,CAAAG,QAAA,kBAAAC,CAAA,GAAAJ,CAAA,CAAAK,WAAA,8BAAAC,EAAAN,CAAA,EAAAE,CAAA,EAAAE,CAAA,EAAAE,CAAA,QAAAC,CAAA,GAAAL,CAAA,IAAAA,CAAA,CAAAM,SAAA,YAAAC,SAAA,GAAAP,CAAA,GAAAO,SAAA,EAAAC,CAAA,GAAAC,MAAA,CAAAC,MAAA,CAAAL,CAAA,CAAAC,SAAA,UAAAK,mBAAA,CAAAH,CAAA,uBAAAV,CAAA,EAAAE,CAAA,EAAAE,CAAA,QAAAE,CAAA,EAAAC,CAAA,EAAAG,CAAA,EAAAI,CAAA,MAAAC,CAAA,GAAAX,CAAA,QAAAY,CAAA,OAAAC,CAAA,KAAAF,CAAA,KAAAb,CAAA,KAAAgB,CAAA,EAAApB,CAAA,EAAAqB,CAAA,EAAAC,CAAA,EAAAN,CAAA,EAAAM,CAAA,CAAAC,IAAA,CAAAvB,CAAA,MAAAsB,CAAA,WAAAA,EAAArB,CAAA,EAAAC,CAAA,WAAAM,CAAA,GAAAP,CAAA,EAAAQ,CAAA,MAAAG,CAAA,GAAAZ,CAAA,EAAAmB,CAAA,CAAAf,CAAA,GAAAF,CAAA,EAAAmB,CAAA,gBAAAC,EAAApB,CAAA,EAAAE,CAAA,SAAAK,CAAA,GAAAP,CAAA,EAAAU,CAAA,GAAAR,CAAA,EAAAH,CAAA,OAAAiB,CAAA,IAAAF,CAAA,KAAAV,CAAA,IAAAL,CAAA,GAAAgB,CAAA,CAAAO,MAAA,EAAAvB,CAAA,UAAAK,CAAA,EAAAE,CAAA,GAAAS,CAAA,CAAAhB,CAAA,GAAAqB,CAAA,GAAAH,CAAA,CAAAF,CAAA,EAAAQ,CAAA,GAAAjB,CAAA,KAAAN,CAAA,QAAAI,CAAA,GAAAmB,CAAA,KAAArB,CAAA,MAAAQ,CAAA,GAAAJ,CAAA,EAAAC,CAAA,GAAAD,CAAA,YAAAC,CAAA,WAAAD,CAAA,MAAAA,CAAA,MAAAR,CAAA,IAAAQ,CAAA,OAAAc,CAAA,MAAAhB,CAAA,GAAAJ,CAAA,QAAAoB,CAAA,GAAAd,CAAA,QAAAC,CAAA,MAAAU,CAAA,CAAAC,CAAA,GAAAhB,CAAA,EAAAe,CAAA,CAAAf,CAAA,GAAAI,CAAA,OAAAc,CAAA,GAAAG,CAAA,KAAAnB,CAAA,GAAAJ,CAAA,QAAAM,CAAA,MAAAJ,CAAA,IAAAA,CAAA,GAAAqB,CAAA,MAAAjB,CAAA,MAAAN,CAAA,EAAAM,CAAA,MAAAJ,CAAA,EAAAe,CAAA,CAAAf,CAAA,GAAAqB,CAAA,EAAAhB,CAAA,cAAAH,CAAA,IAAAJ,CAAA,aAAAmB,CAAA,QAAAH,CAAA,OAAAd,CAAA,qBAAAE,CAAA,EAAAW,CAAA,EAAAQ,CAAA,QAAAT,CAAA,YAAAU,SAAA,uCAAAR,CAAA,UAAAD,CAAA,IAAAK,CAAA,CAAAL,CAAA,EAAAQ,CAAA,GAAAhB,CAAA,GAAAQ,CAAA,EAAAL,CAAA,GAAAa,CAAA,GAAAxB,CAAA,GAAAQ,CAAA,OAAAT,CAAA,GAAAY,CAAA,MAAAM,CAAA,KAAAV,CAAA,KAAAC,CAAA,GAAAA,CAAA,QAAAA,CAAA,SAAAU,CAAA,CAAAf,CAAA,QAAAkB,CAAA,CAAAb,CAAA,EAAAG,CAAA,KAAAO,CAAA,CAAAf,CAAA,GAAAQ,CAAA,GAAAO,CAAA,CAAAC,CAAA,GAAAR,CAAA,aAAAI,CAAA,MAAAR,CAAA,QAAAC,CAAA,KAAAH,CAAA,YAAAL,CAAA,GAAAO,CAAA,CAAAF,CAAA,WAAAL,CAAA,GAAAA,CAAA,CAAA0B,IAAA,CAAAnB,CAAA,EAAAI,CAAA,UAAAc,SAAA,2CAAAzB,CAAA,CAAA2B,IAAA,SAAA3B,CAAA,EAAAW,CAAA,GAAAX,CAAA,CAAA4B,KAAA,EAAApB,CAAA,SAAAA,CAAA,oBAAAA,CAAA,KAAAR,CAAA,GAAAO,CAAA,eAAAP,CAAA,CAAA0B,IAAA,CAAAnB,CAAA,GAAAC,CAAA,SAAAG,CAAA,GAAAc,SAAA,uCAAApB,CAAA,gBAAAG,CAAA,OAAAD,CAAA,GAAAR,CAAA,cAAAC,CAAA,IAAAiB,CAAA,GAAAC,CAAA,CAAAf,CAAA,QAAAQ,CAAA,GAAAV,CAAA,CAAAyB,IAAA,CAAAvB,CAAA,EAAAe,CAAA,OAAAE,CAAA,kBAAApB,CAAA,IAAAO,CAAA,GAAAR,CAAA,EAAAS,CAAA,MAAAG,CAAA,GAAAX,CAAA,cAAAe,CAAA,mBAAAa,KAAA,EAAA5B,CAAA,EAAA2B,IAAA,EAAAV,CAAA,SAAAhB,CAAA,EAAAI,CAAA,EAAAE,CAAA,QAAAI,CAAA,QAAAS,CAAA,gBAAAV,UAAA,cAAAmB,kBAAA,cAAAC,2BAAA,KAAA9B,CAAA,GAAAY,MAAA,CAAAmB,cAAA,MAAAvB,CAAA,MAAAL,CAAA,IAAAH,CAAA,CAAAA,CAAA,IAAAG,CAAA,SAAAW,mBAAA,CAAAd,CAAA,OAAAG,CAAA,iCAAAH,CAAA,GAAAW,CAAA,GAAAmB,0BAAA,CAAArB,SAAA,GAAAC,SAAA,CAAAD,SAAA,GAAAG,MAAA,CAAAC,MAAA,CAAAL,CAAA,YAAAO,EAAAhB,CAAA,WAAAa,MAAA,CAAAoB,cAAA,GAAApB,MAAA,CAAAoB,cAAA,CAAAjC,CAAA,EAAA+B,0BAAA,KAAA/B,CAAA,CAAAkC,SAAA,GAAAH,0BAAA,EAAAhB,mBAAA,CAAAf,CAAA,EAAAM,CAAA,yBAAAN,CAAA,CAAAU,SAAA,GAAAG,MAAA,CAAAC,MAAA,CAAAF,CAAA,GAAAZ,CAAA,WAAA8B,iBAAA,CAAApB,SAAA,GAAAqB,0BAAA,EAAAhB,mBAAA,CAAAH,CAAA,iBAAAmB,0BAAA,GAAAhB,mBAAA,CAAAgB,0BAAA,iBAAAD,iBAAA,GAAAA,iBAAA,CAAAK,WAAA,wBAAApB,mBAAA,CAAAgB,0BAAA,EAAAzB,CAAA,wBAAAS,mBAAA,CAAAH,CAAA,GAAAG,mBAAA,CAAAH,CAAA,EAAAN,CAAA,gBAAAS,mBAAA,CAAAH,CAAA,EAAAR,CAAA,iCAAAW,mBAAA,CAAAH,CAAA,8DAAAb,YAAA,YAAAA,aAAA,aAAAqC,CAAA,EAAA5B,CAAA,EAAA6B,CAAA,EAAArB,CAAA;AAAA,SAAAD,oBAAAf,CAAA,EAAAE,CAAA,EAAAE,CAAA,EAAAH,CAAA,QAAAO,CAAA,GAAAK,MAAA,CAAAyB,cAAA,QAAA9B,CAAA,uBAAAR,CAAA,IAAAQ,CAAA,QAAAO,mBAAA,YAAAwB,mBAAAvC,CAAA,EAAAE,CAAA,EAAAE,CAAA,EAAAH,CAAA,QAAAC,CAAA,EAAAM,CAAA,GAAAA,CAAA,CAAAR,CAAA,EAAAE,CAAA,IAAA2B,KAAA,EAAAzB,CAAA,EAAAoC,UAAA,GAAAvC,CAAA,EAAAwC,YAAA,GAAAxC,CAAA,EAAAyC,QAAA,GAAAzC,CAAA,MAAAD,CAAA,CAAAE,CAAA,IAAAE,CAAA,YAAAE,CAAA,YAAAA,EAAAJ,CAAA,EAAAE,CAAA,IAAAW,mBAAA,CAAAf,CAAA,EAAAE,CAAA,YAAAF,CAAA,gBAAA2C,OAAA,CAAAzC,CAAA,EAAAE,CAAA,EAAAJ,CAAA,UAAAM,CAAA,aAAAA,CAAA,cAAAA,CAAA,oBAAAS,mBAAA,CAAAf,CAAA,EAAAE,CAAA,EAAAE,CAAA,EAAAH,CAAA;AAAA,SAAA2C,mBAAAxC,CAAA,EAAAH,CAAA,EAAAD,CAAA,EAAAE,CAAA,EAAAI,CAAA,EAAAe,CAAA,EAAAZ,CAAA,cAAAD,CAAA,GAAAJ,CAAA,CAAAiB,CAAA,EAAAZ,CAAA,GAAAG,CAAA,GAAAJ,CAAA,CAAAqB,KAAA,WAAAzB,CAAA,gBAAAJ,CAAA,CAAAI,CAAA,KAAAI,CAAA,CAAAoB,IAAA,GAAA3B,CAAA,CAAAW,CAAA,IAAAiC,OAAA,CAAAC,OAAA,CAAAlC,CAAA,EAAAmC,IAAA,CAAA7C,CAAA,EAAAI,CAAA;AAAA,SAAA0C,kBAAA5C,CAAA,6BAAAH,CAAA,SAAAD,CAAA,GAAAiD,SAAA,aAAAJ,OAAA,WAAA3C,CAAA,EAAAI,CAAA,QAAAe,CAAA,GAAAjB,CAAA,CAAA8C,KAAA,CAAAjD,CAAA,EAAAD,CAAA,YAAAmD,MAAA/C,CAAA,IAAAwC,kBAAA,CAAAvB,CAAA,EAAAnB,CAAA,EAAAI,CAAA,EAAA6C,KAAA,EAAAC,MAAA,UAAAhD,CAAA,cAAAgD,OAAAhD,CAAA,IAAAwC,kBAAA,CAAAvB,CAAA,EAAAnB,CAAA,EAAAI,CAAA,EAAA6C,KAAA,EAAAC,MAAA,WAAAhD,CAAA,KAAA+C,KAAA;AACA,IAAME,OAAO,GAAGC,OAAO,CAACC,GAAG,CAACC,QAAQ,KAAK,MAAM,GAAG,SAAS,GAAG,SAAS;AAEhE,IAAMC,iBAAiB,GAAAC,OAAA,CAAAD,iBAAA;EAAA,IAAAE,IAAA,GAAAX,iBAAA,cAAAjD,YAAA,GAAAsC,CAAA,CAAG,SAAAuB,QAAMC,QAAQ;IAAA,IAAAC,MAAA,EAAAC,EAAA,EAAAC,MAAA;IAAA,OAAAjE,YAAA,GAAAqC,CAAA,WAAA6B,QAAA;MAAA,kBAAAA,QAAA,CAAA7D,CAAA;QAAA;UAAA6D,QAAA,CAAA7D,CAAA;UAAA,OACxB8D,oBAAW,CAACC,OAAO,8BAAAC,MAAA,CACTf,OAAO,CACtC,CAAC;QAAA;UAFKS,MAAM,GAAAG,QAAA,CAAA7C,CAAA;UAGN2C,EAAE,GAAGD,MAAM,CAACC,EAAE,CAACV,OAAO,CAAC;UAAAY,QAAA,CAAA7D,CAAA;UAAA,OAER2D,EAAE,CAACM,UAAU,CAAC,OAAO,CAAC,CAACC,OAAO,CAAC;YAAET,QAAQ,EAARA;UAAS,CAAC,CAAC;QAAA;UAA3DG,MAAM,GAAAC,QAAA,CAAA7C,CAAA;UAEZ0C,MAAM,CAACS,KAAK,CAAC,CAAC;UAAC,OAAAN,QAAA,CAAA5C,CAAA,IAER2C,MAAM;MAAA;IAAA,GAAAJ,OAAA;EAAA,CACd;EAAA,gBAXYH,iBAAiBA,CAAAe,EAAA;IAAA,OAAAb,IAAA,CAAAT,KAAA,OAAAD,SAAA;EAAA;AAAA,GAW7B;AAAC,IAAAwB,QAAA,GAAAf,OAAA,cAEa;EACbD,iBAAiB,EAAjBA;AACF,CAAC","ignoreList":[]},"_coverageSchema":"1a1c01bbd47fc00a2c39e90264f33305004495a9","hash":"fbf93e32129646c906d95f851f4ceb5d29929b31","contentHash":"3fb2704c0b3169da677d65c45a4baff824cf3eb333c4d7095a1e9217536cbf2a"},"C:\\Users\\bulle\\Documents\\GitHub\\Holocron-Coding-Web\\matrix\\js\\node\\online\\LinkedIn\\TDD-es6\\mine\\src\\Server\\helpers\\test-helpers.js":{"path":"C:\\Users\\bulle\\Documents\\GitHub\\Holocron-Coding-Web\\matrix\\js\\node\\online\\LinkedIn\\TDD-es6\\mine\\src\\Server\\helpers\\test-helpers.js","statementMap":{"0":{"start":{"line":3,"column":0},"end":{"line":5,"column":3}},"1":{"start":{"line":6,"column":0},"end":{"line":6,"column":83}},"2":{"start":{"line":7,"column":15},"end":{"line":7,"column":33}},"3":{"start":{"line":8,"column":203},"end":{"line":8,"column":244}},"4":{"start":{"line":8,"column":250},"end":{"line":8,"column":276}},"5":{"start":{"line":8,"column":282},"end":{"line":8,"column":314}},"6":{"start":{"line":8,"column":349},"end":{"line":8,"column":402}},"7":{"start":{"line":8,"column":408},"end":{"line":8,"column":434}},"8":{"start":{"line":8,"column":436},"end":{"line":8,"column":1795}},"9":{"start":{"line":8,"column":515},"end":{"line":8,"column":516}},"10":{"start":{"line":8,"column":522},"end":{"line":8,"column":529}},"11":{"start":{"line":8,"column":535},"end":{"line":8,"column":537}},"12":{"start":{"line":8,"column":543},"end":{"line":8,"column":651}},"13":{"start":{"line":8,"column":608},"end":{"line":8,"column":647}},"14":{"start":{"line":8,"column":672},"end":{"line":8,"column":1009}},"15":{"start":{"line":8,"column":747},"end":{"line":8,"column":751}},"16":{"start":{"line":8,"column":757},"end":{"line":8,"column":760}},"17":{"start":{"line":8,"column":766},"end":{"line":8,"column":770}},"18":{"start":{"line":8,"column":772},"end":{"line":8,"column":1007}},"19":{"start":{"line":8,"column":1010},"end":{"line":8,"column":1035}},"20":{"start":{"line":8,"column":1026},"end":{"line":8,"column":1035}},"21":{"start":{"line":8,"column":1036},"end":{"line":8,"column":1052}},"22":{"start":{"line":8,"column":1055},"end":{"line":8,"column":1775}},"23":{"start":{"line":8,"column":1083},"end":{"line":8,"column":1142}},"24":{"start":{"line":8,"column":1094},"end":{"line":8,"column":1142}},"25":{"start":{"line":8,"column":1143},"end":{"line":8,"column":1742}},"26":{"start":{"line":8,"column":1217},"end":{"line":8,"column":1287}},"27":{"start":{"line":8,"column":1288},"end":{"line":8,"column":1740}},"28":{"start":{"line":8,"column":1294},"end":{"line":8,"column":1684}},"29":{"start":{"line":8,"column":1310},"end":{"line":8,"column":1613}},"30":{"start":{"line":8,"column":1345},"end":{"line":8,"column":1422}},"31":{"start":{"line":8,"column":1370},"end":{"line":8,"column":1422}},"32":{"start":{"line":8,"column":1423},"end":{"line":8,"column":1445}},"33":{"start":{"line":8,"column":1436},"end":{"line":8,"column":1445}},"34":{"start":{"line":8,"column":1446},"end":{"line":8,"column":1476}},"35":{"start":{"line":8,"column":1484},"end":{"line":8,"column":1613}},"36":{"start":{"line":8,"column":1614},"end":{"line":8,"column":1620}},"37":{"start":{"line":8,"column":1628},"end":{"line":8,"column":1684}},"38":{"start":{"line":8,"column":1678},"end":{"line":8,"column":1684}},"39":{"start":{"line":8,"column":1699},"end":{"line":8,"column":1719}},"40":{"start":{"line":8,"column":1732},"end":{"line":8,"column":1738}},"41":{"start":{"line":8,"column":1743},"end":{"line":8,"column":1772}},"42":{"start":{"line":8,"column":1806},"end":{"line":8,"column":1808}},"43":{"start":{"line":8,"column":1907},"end":{"line":8,"column":1933}},"44":{"start":{"line":8,"column":1942},"end":{"line":8,"column":2031}},"45":{"start":{"line":8,"column":2012},"end":{"line":8,"column":2024}},"46":{"start":{"line":8,"column":2037},"end":{"line":8,"column":2114}},"47":{"start":{"line":8,"column":2132},"end":{"line":8,"column":2344}},"48":{"start":{"line":8,"column":2347},"end":{"line":8,"column":2961}},"49":{"start":{"line":8,"column":2792},"end":{"line":8,"column":2804}},"50":{"start":{"line":8,"column":2858},"end":{"line":8,"column":2886}},"51":{"start":{"line":8,"column":2933},"end":{"line":8,"column":2955}},"52":{"start":{"line":9,"column":51},"end":{"line":9,"column":72}},"53":{"start":{"line":9,"column":74},"end":{"line":9,"column":117}},"54":{"start":{"line":9,"column":80},"end":{"line":9,"column":94}},"55":{"start":{"line":9,"column":109},"end":{"line":9,"column":115}},"56":{"start":{"line":9,"column":118},"end":{"line":9,"column":468}},"57":{"start":{"line":9,"column":182},"end":{"line":9,"column":432}},"58":{"start":{"line":9,"column":189},"end":{"line":9,"column":274}},"59":{"start":{"line":9,"column":289},"end":{"line":9,"column":384}},"60":{"start":{"line":9,"column":308},"end":{"line":9,"column":382}},"61":{"start":{"line":9,"column":349},"end":{"line":9,"column":378}},"62":{"start":{"line":9,"column":386},"end":{"line":9,"column":430}},"63":{"start":{"line":10,"column":51},"end":{"line":10,"column":120}},"64":{"start":{"line":10,"column":65},"end":{"line":10,"column":72}},"65":{"start":{"line":10,"column":78},"end":{"line":10,"column":85}},"66":{"start":{"line":10,"column":101},"end":{"line":10,"column":118}},"67":{"start":{"line":10,"column":121},"end":{"line":10,"column":167}},"68":{"start":{"line":11,"column":32},"end":{"line":11,"column":319}},"69":{"start":{"line":11,"column":61},"end":{"line":11,"column":65}},"70":{"start":{"line":11,"column":71},"end":{"line":11,"column":80}},"71":{"start":{"line":11,"column":82},"end":{"line":11,"column":316}},"72":{"start":{"line":11,"column":127},"end":{"line":11,"column":140}},"73":{"start":{"line":11,"column":162},"end":{"line":11,"column":216}},"74":{"start":{"line":11,"column":240},"end":{"line":11,"column":295}},"75":{"start":{"line":11,"column":298},"end":{"line":11,"column":312}},"76":{"start":{"line":12,"column":14},"end":{"line":12,"column":69}},"77":{"start":{"line":13,"column":22},"end":{"line":36,"column":3}},"78":{"start":{"line":14,"column":13},"end":{"line":32,"column":5}},"79":{"start":{"line":16,"column":4},"end":{"line":31,"column":16}},"80":{"start":{"line":17,"column":6},"end":{"line":30,"column":7}},"81":{"start":{"line":17,"column":16},"end":{"line":30,"column":7}},"82":{"start":{"line":19,"column":10},"end":{"line":19,"column":25}},"83":{"start":{"line":20,"column":10},"end":{"line":20,"column":92}},"84":{"start":{"line":22,"column":10},"end":{"line":22,"column":30}},"85":{"start":{"line":23,"column":10},"end":{"line":23,"column":34}},"86":{"start":{"line":24,"column":10},"end":{"line":24,"column":25}},"87":{"start":{"line":25,"column":10},"end":{"line":25,"column":64}},"88":{"start":{"line":27,"column":10},"end":{"line":27,"column":25}},"89":{"start":{"line":29,"column":10},"end":{"line":29,"column":31}},"90":{"start":{"line":33,"column":2},"end":{"line":35,"column":4}},"91":{"start":{"line":34,"column":4},"end":{"line":34,"column":39}},"92":{"start":{"line":37,"column":22},"end":{"line":60,"column":3}},"93":{"start":{"line":38,"column":14},"end":{"line":56,"column":5}},"94":{"start":{"line":40,"column":4},"end":{"line":55,"column":17}},"95":{"start":{"line":41,"column":6},"end":{"line":54,"column":7}},"96":{"start":{"line":41,"column":16},"end":{"line":54,"column":7}},"97":{"start":{"line":43,"column":10},"end":{"line":43,"column":26}},"98":{"start":{"line":44,"column":10},"end":{"line":44,"column":92}},"99":{"start":{"line":46,"column":10},"end":{"line":46,"column":31}},"100":{"start":{"line":47,"column":10},"end":{"line":47,"column":34}},"101":{"start":{"line":48,"column":10},"end":{"line":48,"column":26}},"102":{"start":{"line":49,"column":10},"end":{"line":49,"column":64}},"103":{"start":{"line":51,"column":10},"end":{"line":51,"column":31}},"104":{"start":{"line":52,"column":10},"end":{"line":52,"column":25}},"105":{"start":{"line":53,"column":10},"end":{"line":53,"column":40}},"106":{"start":{"line":57,"column":2},"end":{"line":59,"column":4}},"107":{"start":{"line":58,"column":4},"end":{"line":58,"column":40}},"108":{"start":{"line":61,"column":20},"end":{"line":84,"column":3}},"109":{"start":{"line":62,"column":14},"end":{"line":80,"column":5}},"110":{"start":{"line":64,"column":4},"end":{"line":79,"column":17}},"111":{"start":{"line":65,"column":6},"end":{"line":78,"column":7}},"112":{"start":{"line":65,"column":16},"end":{"line":78,"column":7}},"113":{"start":{"line":67,"column":10},"end":{"line":67,"column":26}},"114":{"start":{"line":68,"column":10},"end":{"line":68,"column":92}},"115":{"start":{"line":70,"column":10},"end":{"line":70,"column":31}},"116":{"start":{"line":71,"column":10},"end":{"line":71,"column":34}},"117":{"start":{"line":72,"column":10},"end":{"line":72,"column":26}},"118":{"start":{"line":73,"column":10},"end":{"line":73,"column":35}},"119":{"start":{"line":75,"column":10},"end":{"line":75,"column":25}},"120":{"start":{"line":77,"column":10},"end":{"line":77,"column":32}},"121":{"start":{"line":81,"column":2},"end":{"line":83,"column":4}},"122":{"start":{"line":82,"column":4},"end":{"line":82,"column":40}}},"fnMap":{"0":{"name":"_regenerator","decl":{"start":{"line":8,"column":9},"end":{"line":8,"column":21}},"loc":{"start":{"line":8,"column":24},"end":{"line":8,"column":2963}},"line":8},"1":{"name":"i","decl":{"start":{"line":8,"column":325},"end":{"line":8,"column":326}},"loc":{"start":{"line":8,"column":339},"end":{"line":8,"column":1797}},"line":8},"2":{"name":"(anonymous_2)","decl":{"start":{"line":8,"column":477},"end":{"line":8,"column":478}},"loc":{"start":{"line":8,"column":496},"end":{"line":8,"column":1777}},"line":8},"3":{"name":"d","decl":{"start":{"line":8,"column":598},"end":{"line":8,"column":599}},"loc":{"start":{"line":8,"column":606},"end":{"line":8,"column":649}},"line":8},"4":{"name":"d","decl":{"start":{"line":8,"column":662},"end":{"line":8,"column":663}},"loc":{"start":{"line":8,"column":670},"end":{"line":8,"column":1054}},"line":8},"5":{"name":"(anonymous_5)","decl":{"start":{"line":8,"column":1062},"end":{"line":8,"column":1063}},"loc":{"start":{"line":8,"column":1081},"end":{"line":8,"column":1774}},"line":8},"6":{"name":"Generator","decl":{"start":{"line":8,"column":1819},"end":{"line":8,"column":1828}},"loc":{"start":{"line":8,"column":1831},"end":{"line":8,"column":1833}},"line":8},"7":{"name":"GeneratorFunction","decl":{"start":{"line":8,"column":1843},"end":{"line":8,"column":1860}},"loc":{"start":{"line":8,"column":1863},"end":{"line":8,"column":1865}},"line":8},"8":{"name":"GeneratorFunctionPrototype","decl":{"start":{"line":8,"column":1875},"end":{"line":8,"column":1901}},"loc":{"start":{"line":8,"column":1904},"end":{"line":8,"column":1906}},"line":8},"9":{"name":"(anonymous_9)","decl":{"start":{"line":8,"column":1998},"end":{"line":8,"column":1999}},"loc":{"start":{"line":8,"column":2010},"end":{"line":8,"column":2026}},"line":8},"10":{"name":"f","decl":{"start":{"line":8,"column":2125},"end":{"line":8,"column":2126}},"loc":{"start":{"line":8,"column":2130},"end":{"line":8,"column":2346}},"line":8},"11":{"name":"(anonymous_11)","decl":{"start":{"line":8,"column":2778},"end":{"line":8,"column":2779}},"loc":{"start":{"line":8,"column":2790},"end":{"line":8,"column":2806}},"line":8},"12":{"name":"(anonymous_12)","decl":{"start":{"line":8,"column":2844},"end":{"line":8,"column":2845}},"loc":{"start":{"line":8,"column":2856},"end":{"line":8,"column":2888}},"line":8},"13":{"name":"_regenerator","decl":{"start":{"line":8,"column":2916},"end":{"line":8,"column":2928}},"loc":{"start":{"line":8,"column":2931},"end":{"line":8,"column":2957}},"line":8},"14":{"name":"_regeneratorDefine2","decl":{"start":{"line":9,"column":9},"end":{"line":9,"column":28}},"loc":{"start":{"line":9,"column":41},"end":{"line":9,"column":470}},"line":9},"15":{"name":"_regeneratorDefine","decl":{"start":{"line":9,"column":149},"end":{"line":9,"column":167}},"loc":{"start":{"line":9,"column":180},"end":{"line":9,"column":434}},"line":9},"16":{"name":"o","decl":{"start":{"line":9,"column":298},"end":{"line":9,"column":299}},"loc":{"start":{"line":9,"column":306},"end":{"line":9,"column":384}},"line":9},"17":{"name":"(anonymous_17)","decl":{"start":{"line":9,"column":334},"end":{"line":9,"column":335}},"loc":{"start":{"line":9,"column":347},"end":{"line":9,"column":380}},"line":9},"18":{"name":"asyncGeneratorStep","decl":{"start":{"line":10,"column":9},"end":{"line":10,"column":27}},"loc":{"start":{"line":10,"column":49},"end":{"line":10,"column":169}},"line":10},"19":{"name":"_asyncToGenerator","decl":{"start":{"line":11,"column":9},"end":{"line":11,"column":26}},"loc":{"start":{"line":11,"column":30},"end":{"line":11,"column":321}},"line":11},"20":{"name":"(anonymous_20)","decl":{"start":{"line":11,"column":39},"end":{"line":11,"column":40}},"loc":{"start":{"line":11,"column":51},"end":{"line":11,"column":318}},"line":11},"21":{"name":"(anonymous_21)","decl":{"start":{"line":11,"column":101},"end":{"line":11,"column":102}},"loc":{"start":{"line":11,"column":117},"end":{"line":11,"column":314}},"line":11},"22":{"name":"_next","decl":{"start":{"line":11,"column":151},"end":{"line":11,"column":156}},"loc":{"start":{"line":11,"column":160},"end":{"line":11,"column":218}},"line":11},"23":{"name":"_throw","decl":{"start":{"line":11,"column":228},"end":{"line":11,"column":234}},"loc":{"start":{"line":11,"column":238},"end":{"line":11,"column":297}},"line":11},"24":{"name":"(anonymous_24)","decl":{"start":{"line":13,"column":61},"end":{"line":13,"column":62}},"loc":{"start":{"line":13,"column":73},"end":{"line":36,"column":1}},"line":13},"25":{"name":"_callee","decl":{"start":{"line":14,"column":70},"end":{"line":14,"column":77}},"loc":{"start":{"line":14,"column":100},"end":{"line":32,"column":3}},"line":14},"26":{"name":"(anonymous_26)","decl":{"start":{"line":16,"column":28},"end":{"line":16,"column":29}},"loc":{"start":{"line":16,"column":48},"end":{"line":31,"column":5}},"line":16},"27":{"name":"setDatabaseData","decl":{"start":{"line":33,"column":18},"end":{"line":33,"column":33}},"loc":{"start":{"line":33,"column":43},"end":{"line":35,"column":3}},"line":33},"28":{"name":"(anonymous_28)","decl":{"start":{"line":37,"column":61},"end":{"line":37,"column":62}},"loc":{"start":{"line":37,"column":73},"end":{"line":60,"column":1}},"line":37},"29":{"name":"_callee2","decl":{"start":{"line":38,"column":71},"end":{"line":38,"column":79}},"loc":{"start":{"line":38,"column":96},"end":{"line":56,"column":3}},"line":38},"30":{"name":"(anonymous_30)","decl":{"start":{"line":40,"column":28},"end":{"line":40,"column":29}},"loc":{"start":{"line":40,"column":49},"end":{"line":55,"column":5}},"line":40},"31":{"name":"getDatabaseData","decl":{"start":{"line":57,"column":18},"end":{"line":57,"column":33}},"loc":{"start":{"line":57,"column":39},"end":{"line":59,"column":3}},"line":57},"32":{"name":"(anonymous_32)","decl":{"start":{"line":61,"column":57},"end":{"line":61,"column":58}},"loc":{"start":{"line":61,"column":69},"end":{"line":84,"column":1}},"line":61},"33":{"name":"_callee3","decl":{"start":{"line":62,"column":71},"end":{"line":62,"column":79}},"loc":{"start":{"line":62,"column":82},"end":{"line":80,"column":3}},"line":62},"34":{"name":"(anonymous_34)","decl":{"start":{"line":64,"column":28},"end":{"line":64,"column":29}},"loc":{"start":{"line":64,"column":49},"end":{"line":79,"column":5}},"line":64},"35":{"name":"resetDatabase","decl":{"start":{"line":81,"column":18},"end":{"line":81,"column":31}},"loc":{"start":{"line":81,"column":34},"end":{"line":83,"column":3}},"line":81}},"branchMap":{"0":{"loc":{"start":{"line":8,"column":203},"end":{"line":8,"column":244}},"type":"cond-expr","locations":[{"start":{"line":8,"column":233},"end":{"line":8,"column":239}},{"start":{"line":8,"column":242},"end":{"line":8,"column":244}}],"line":8},"1":{"loc":{"start":{"line":8,"column":250},"end":{"line":8,"column":276}},"type":"binary-expr","locations":[{"start":{"line":8,"column":250},"end":{"line":8,"column":260}},{"start":{"line":8,"column":264},"end":{"line":8,"column":276}}],"line":8},"2":{"loc":{"start":{"line":8,"column":282},"end":{"line":8,"column":314}},"type":"binary-expr","locations":[{"start":{"line":8,"column":282},"end":{"line":8,"column":295}},{"start":{"line":8,"column":299},"end":{"line":8,"column":314}}],"line":8},"3":{"loc":{"start":{"line":8,"column":349},"end":{"line":8,"column":402}},"type":"cond-expr","locations":[{"start":{"line":8,"column":389},"end":{"line":8,"column":390}},{"start":{"line":8,"column":393},"end":{"line":8,"column":402}}],"line":8},"4":{"loc":{"start":{"line":8,"column":349},"end":{"line":8,"column":386}},"type":"binary-expr","locations":[{"start":{"line":8,"column":349},"end":{"line":8,"column":350}},{"start":{"line":8,"column":354},"end":{"line":8,"column":386}}],"line":8},"5":{"loc":{"start":{"line":8,"column":522},"end":{"line":8,"column":529}},"type":"binary-expr","locations":[{"start":{"line":8,"column":522},"end":{"line":8,"column":523}},{"start":{"line":8,"column":527},"end":{"line":8,"column":529}}],"line":8},"6":{"loc":{"start":{"line":8,"column":698},"end":{"line":8,"column":727}},"type":"binary-expr","locations":[{"start":{"line":8,"column":698},"end":{"line":8,"column":700}},{"start":{"line":8,"column":704},"end":{"line":8,"column":705}},{"start":{"line":8,"column":709},"end":{"line":8,"column":711}},{"start":{"line":8,"column":715},"end":{"line":8,"column":727}}],"line":8},"7":{"loc":{"start":{"line":8,"column":772},"end":{"line":8,"column":1006}},"type":"cond-expr","locations":[{"start":{"line":8,"column":780},"end":{"line":8,"column":850}},{"start":{"line":8,"column":853},"end":{"line":8,"column":1006}}],"line":8},"8":{"loc":{"start":{"line":8,"column":780},"end":{"line":8,"column":850}},"type":"binary-expr","locations":[{"start":{"line":8,"column":781},"end":{"line":8,"column":792}},{"start":{"line":8,"column":798},"end":{"line":8,"column":849}}],"line":8},"9":{"loc":{"start":{"line":8,"column":804},"end":{"line":8,"column":831}},"type":"cond-expr","locations":[{"start":{"line":8,"column":817},"end":{"line":8,"column":818}},{"start":{"line":8,"column":822},"end":{"line":8,"column":830}}],"line":8},"10":{"loc":{"start":{"line":8,"column":853},"end":{"line":8,"column":1006}},"type":"binary-expr","locations":[{"start":{"line":8,"column":853},"end":{"line":8,"column":862}},{"start":{"line":8,"column":867},"end":{"line":8,"column":1005}}],"line":8},"11":{"loc":{"start":{"line":8,"column":867},"end":{"line":8,"column":1005}},"type":"cond-expr","locations":[{"start":{"line":8,"column":894},"end":{"line":8,"column":920}},{"start":{"line":8,"column":924},"end":{"line":8,"column":1005}}],"line":8},"12":{"loc":{"start":{"line":8,"column":872},"end":{"line":8,"column":889}},"type":"binary-expr","locations":[{"start":{"line":8,"column":872},"end":{"line":8,"column":877}},{"start":{"line":8,"column":881},"end":{"line":8,"column":889}}],"line":8},"13":{"loc":{"start":{"line":8,"column":924},"end":{"line":8,"column":1005}},"type":"binary-expr","locations":[{"start":{"line":8,"column":924},"end":{"line":8,"column":929}},{"start":{"line":8,"column":934},"end":{"line":8,"column":964}},{"start":{"line":8,"column":970},"end":{"line":8,"column":1004}}],"line":8},"14":{"loc":{"start":{"line":8,"column":938},"end":{"line":8,"column":964}},"type":"binary-expr","locations":[{"start":{"line":8,"column":938},"end":{"line":8,"column":943}},{"start":{"line":8,"column":947},"end":{"line":8,"column":955}},{"start":{"line":8,"column":959},"end":{"line":8,"column":964}}],"line":8},"15":{"loc":{"start":{"line":8,"column":1010},"end":{"line":8,"column":1035}},"type":"if","locations":[{"start":{"line":8,"column":1010},"end":{"line":8,"column":1035}},{"start":{},"end":{}}],"line":8},"16":{"loc":{"start":{"line":8,"column":1014},"end":{"line":8,"column":1024}},"type":"binary-expr","locations":[{"start":{"line":8,"column":1014},"end":{"line":8,"column":1015}},{"start":{"line":8,"column":1019},"end":{"line":8,"column":1024}}],"line":8},"17":{"loc":{"start":{"line":8,"column":1083},"end":{"line":8,"column":1142}},"type":"if","locations":[{"start":{"line":8,"column":1083},"end":{"line":8,"column":1142}},{"start":{},"end":{}}],"line":8},"18":{"loc":{"start":{"line":8,"column":1148},"end":{"line":8,"column":1171}},"type":"binary-expr","locations":[{"start":{"line":8,"column":1148},"end":{"line":8,"column":1149}},{"start":{"line":8,"column":1153},"end":{"line":8,"column":1160}},{"start":{"line":8,"column":1164},"end":{"line":8,"column":1171}}],"line":8},"19":{"loc":{"start":{"line":8,"column":1187},"end":{"line":8,"column":1212}},"type":"binary-expr","locations":[{"start":{"line":8,"column":1188},"end":{"line":8,"column":1205}},{"start":{"line":8,"column":1210},"end":{"line":8,"column":1212}}],"line":8},"20":{"loc":{"start":{"line":8,"column":1192},"end":{"line":8,"column":1205}},"type":"cond-expr","locations":[{"start":{"line":8,"column":1200},"end":{"line":8,"column":1201}},{"start":{"line":8,"column":1204},"end":{"line":8,"column":1205}}],"line":8},"21":{"loc":{"start":{"line":8,"column":1217},"end":{"line":8,"column":1286}},"type":"binary-expr","locations":[{"start":{"line":8,"column":1217},"end":{"line":8,"column":1218}},{"start":{"line":8,"column":1223},"end":{"line":8,"column":1285}}],"line":8},"22":{"loc":{"start":{"line":8,"column":1223},"end":{"line":8,"column":1285}},"type":"cond-expr","locations":[{"start":{"line":8,"column":1227},"end":{"line":8,"column":1275}},{"start":{"line":8,"column":1278},"end":{"line":8,"column":1285}}],"line":8},"23":{"loc":{"start":{"line":8,"column":1227},"end":{"line":8,"column":1275}},"type":"cond-expr","locations":[{"start":{"line":8,"column":1236},"end":{"line":8,"column":1264}},{"start":{"line":8,"column":1268},"end":{"line":8,"column":1275}}],"line":8},"24":{"loc":{"start":{"line":8,"column":1236},"end":{"line":8,"column":1255}},"type":"binary-expr","locations":[{"start":{"line":8,"column":1236},"end":{"line":8,"column":1241}},{"start":{"line":8,"column":1246},"end":{"line":8,"column":1254}}],"line":8},"25":{"loc":{"start":{"line":8,"column":1294},"end":{"line":8,"column":1684}},"type":"if","locations":[{"start":{"line":8,"column":1294},"end":{"line":8,"column":1684}},{"start":{"line":8,"column":1628},"end":{"line":8,"column":1684}}],"line":8},"26":{"loc":{"start":{"line":8,"column":1310},"end":{"line":8,"column":1613}},"type":"if","locations":[{"start":{"line":8,"column":1310},"end":{"line":8,"column":1613}},{"start":{"line":8,"column":1484},"end":{"line":8,"column":1613}}],"line":8},"27":{"loc":{"start":{"line":8,"column":1314},"end":{"line":8,"column":1331}},"type":"binary-expr","locations":[{"start":{"line":8,"column":1314},"end":{"line":8,"column":1315}},{"start":{"line":8,"column":1320},"end":{"line":8,"column":1330}}],"line":8},"28":{"loc":{"start":{"line":8,"column":1345},"end":{"line":8,"column":1422}},"type":"if","locations":[{"start":{"line":8,"column":1345},"end":{"line":8,"column":1422}},{"start":{},"end":{}}],"line":8},"29":{"loc":{"start":{"line":8,"column":1423},"end":{"line":8,"column":1445}},"type":"if","locations":[{"start":{"line":8,"column":1423},"end":{"line":8,"column":1445}},{"start":{},"end":{}}],"line":8},"30":{"loc":{"start":{"line":8,"column":1459},"end":{"line":8,"column":1475}},"type":"binary-expr","locations":[{"start":{"line":8,"column":1459},"end":{"line":8,"column":1464}},{"start":{"line":8,"column":1469},"end":{"line":8,"column":1474}}],"line":8},"31":{"loc":{"start":{"line":8,"column":1484},"end":{"line":8,"column":1525}},"type":"binary-expr","locations":[{"start":{"line":8,"column":1484},"end":{"line":8,"column":1491}},{"start":{"line":8,"column":1496},"end":{"line":8,"column":1511}},{"start":{"line":8,"column":1516},"end":{"line":8,"column":1525}}],"line":8},"32":{"loc":{"start":{"line":8,"column":1527},"end":{"line":8,"column":1612}},"type":"binary-expr","locations":[{"start":{"line":8,"column":1527},"end":{"line":8,"column":1532}},{"start":{"line":8,"column":1537},"end":{"line":8,"column":1611}}],"line":8},"33":{"loc":{"start":{"line":8,"column":1628},"end":{"line":8,"column":1684}},"type":"if","locations":[{"start":{"line":8,"column":1628},"end":{"line":8,"column":1684}},{"start":{},"end":{}}],"line":8},"34":{"loc":{"start":{"line":8,"column":1637},"end":{"line":8,"column":1669}},"type":"cond-expr","locations":[{"start":{"line":8,"column":1653},"end":{"line":8,"column":1654}},{"start":{"line":8,"column":1657},"end":{"line":8,"column":1669}}],"line":8},"35":{"loc":{"start":{"line":8,"column":1942},"end":{"line":8,"column":2031}},"type":"cond-expr","locations":[{"start":{"line":8,"column":1950},"end":{"line":8,"column":1963}},{"start":{"line":8,"column":1967},"end":{"line":8,"column":2030}}],"line":8},"36":{"loc":{"start":{"line":8,"column":2139},"end":{"line":8,"column":2308}},"type":"cond-expr","locations":[{"start":{"line":8,"column":2163},"end":{"line":8,"column":2215}},{"start":{"line":8,"column":2219},"end":{"line":8,"column":2307}}],"line":8},"37":{"loc":{"start":{"line":9,"column":182},"end":{"line":9,"column":432}},"type":"if","locations":[{"start":{"line":9,"column":182},"end":{"line":9,"column":432}},{"start":{"line":9,"column":279},"end":{"line":9,"column":432}}],"line":9},"38":{"loc":{"start":{"line":9,"column":189},"end":{"line":9,"column":273}},"type":"cond-expr","locations":[{"start":{"line":9,"column":193},"end":{"line":9,"column":262}},{"start":{"line":9,"column":265},"end":{"line":9,"column":273}}],"line":9},"39":{"loc":{"start":{"line":10,"column":121},"end":{"line":10,"column":166}},"type":"cond-expr","locations":[{"start":{"line":10,"column":130},"end":{"line":10,"column":134}},{"start":{"line":10,"column":137},"end":{"line":10,"column":166}}],"line":10},"40":{"loc":{"start":{"line":12,"column":14},"end":{"line":12,"column":69}},"type":"cond-expr","locations":[{"start":{"line":12,"column":48},"end":{"line":12,"column":57}},{"start":{"line":12,"column":60},"end":{"line":12,"column":69}}],"line":12},"41":{"loc":{"start":{"line":17,"column":16},"end":{"line":30,"column":7}},"type":"switch","locations":[{"start":{"line":18,"column":8},"end":{"line":20,"column":92}},{"start":{"line":21,"column":8},"end":{"line":25,"column":64}},{"start":{"line":26,"column":8},"end":{"line":27,"column":25}},{"start":{"line":28,"column":8},"end":{"line":29,"column":31}}],"line":17},"42":{"loc":{"start":{"line":41,"column":16},"end":{"line":54,"column":7}},"type":"switch","locations":[{"start":{"line":42,"column":8},"end":{"line":44,"column":92}},{"start":{"line":45,"column":8},"end":{"line":49,"column":64}},{"start":{"line":50,"column":8},"end":{"line":53,"column":40}}],"line":41},"43":{"loc":{"start":{"line":65,"column":16},"end":{"line":78,"column":7}},"type":"switch","locations":[{"start":{"line":66,"column":8},"end":{"line":68,"column":92}},{"start":{"line":69,"column":8},"end":{"line":73,"column":35}},{"start":{"line":74,"column":8},"end":{"line":75,"column":25}},{"start":{"line":76,"column":8},"end":{"line":77,"column":32}}],"line":65}},"s":{"0":1,"1":1,"2":1,"3":1,"4":1,"5":1,"6":5,"7":5,"8":5,"9":5,"10":5,"11":5,"12":5,"13":0,"14":10,"15":0,"16":0,"17":0,"18":0,"19":10,"20":10,"21":0,"22":5,"23":15,"24":0,"25":15,"26":20,"27":20,"28":20,"29":0,"30":0,"31":0,"32":0,"33":0,"34":0,"35":0,"36":0,"37":20,"38":15,"39":0,"40":20,"41":15,"42":1,"43":1,"44":1,"45":0,"46":1,"47":3,"48":1,"49":0,"50":0,"51":8,"52":1,"53":1,"54":1,"55":0,"56":1,"57":15,"58":14,"59":1,"60":3,"61":15,"62":1,"63":15,"64":15,"65":15,"66":0,"67":15,"68":3,"69":5,"70":5,"71":5,"72":5,"73":15,"74":0,"75":5,"76":1,"77":1,"78":1,"79":2,"80":6,"81":6,"82":2,"83":2,"84":2,"85":2,"86":2,"87":2,"88":2,"89":2,"90":1,"91":2,"92":1,"93":1,"94":1,"95":3,"96":3,"97":1,"98":1,"99":1,"100":1,"101":1,"102":1,"103":1,"104":1,"105":1,"106":1,"107":1,"108":1,"109":1,"110":2,"111":6,"112":6,"113":2,"114":2,"115":2,"116":2,"117":2,"118":2,"119":2,"120":2,"121":1,"122":2},"f":{"0":1,"1":5,"2":5,"3":0,"4":10,"5":15,"6":0,"7":0,"8":0,"9":0,"10":3,"11":0,"12":0,"13":8,"14":1,"15":15,"16":3,"17":15,"18":15,"19":3,"20":5,"21":5,"22":15,"23":0,"24":1,"25":2,"26":6,"27":2,"28":1,"29":1,"30":3,"31":1,"32":1,"33":2,"34":6,"35":2},"b":{"0":[1,0],"1":[1,0],"2":[1,0],"3":[5,0],"4":[5,5],"5":[5,5],"6":[10,10,10,10],"7":[0,0],"8":[0,0],"9":[0,0],"10":[0,0],"11":[0,0],"12":[0,0],"13":[0,0,0],"14":[0,0,0],"15":[10,0],"16":[10,10],"17":[0,15],"18":[15,0,0],"19":[20,19],"20":[15,5],"21":[20,20],"22":[5,15],"23":[5,0],"24":[5,5],"25":[0,20],"26":[0,0],"27":[0,0],"28":[0,0],"29":[0,0],"30":[0,0],"31":[0,0,0],"32":[0,0],"33":[15,5],"34":[5,15],"35":[1,0],"36":[3,0],"37":[14,1],"38":[14,0],"39":[5,10],"40":[0,1],"41":[2,2,2,2],"42":[1,1,1],"43":[2,2,2,2]},"inputSourceMap":{"version":3,"names":["_mongodb","require","_regenerator","e","t","r","Symbol","n","iterator","o","toStringTag","i","c","prototype","Generator","u","Object","create","_regeneratorDefine2","f","p","y","G","v","a","d","bind","length","l","TypeError","call","done","value","GeneratorFunction","GeneratorFunctionPrototype","getPrototypeOf","setPrototypeOf","__proto__","displayName","w","m","defineProperty","_regeneratorDefine","enumerable","configurable","writable","_invoke","asyncGeneratorStep","Promise","resolve","then","_asyncToGenerator","arguments","apply","_next","_throw","DB_NAME","process","env","NODE_ENV","setDatabaseData","exports","_ref","_callee","collectionName","data","client","db","_context","MongoClient","connect","concat","collection","insertMany","close","_x","_x2","getDatabaseData","_ref2","_callee2","result","_context2","find","toArray","_x3","resetDatabase","_ref3","_callee3","_context3","dropDatabase"],"sourceRoot":"C:\\Users\\bulle\\Documents\\GitHub\\Holocron-Coding-Web\\matrix\\js\\node\\online\\LinkedIn\\TDD-es6\\mine\\src\\Server\\helpers\\","sources":["test-helpers.js"],"sourcesContent":["import { MongoClient } from 'mongodb';\r\n\r\nconst DB_NAME = process.env.NODE_ENV === 'test' ? 'TEST_DB' : 'PROD_DB';\r\n\r\nexport const setDatabaseData = async (collectionName, data) => {\r\n  const client = await MongoClient.connect(\r\n    `mongodb://localhost:27017/${DB_NAME}`\r\n  );\r\n  const db = client.db(DB_NAME);\r\n\r\n  await db.collection(collectionName).insertMany(data);\r\n\r\n  client.close();\r\n};\r\n\r\nexport const getDatabaseData = async collectionName => {\r\n  const client = await MongoClient.connect(\r\n    `mongodb://localhost:27017/${DB_NAME}`\r\n  );\r\n  const db = client.db(DB_NAME);\r\n\r\n  const result = await db.collection(collectionName).find().toArray();\r\n\r\n  client.close();\r\n\r\n  return result;\r\n};\r\n\r\nexport const resetDatabase = async () => {\r\n  const client = await MongoClient.connect(\r\n    `mongodb://localhost:27017/${DB_NAME}`\r\n  );\r\n  const db = client.db(DB_NAME);\r\n\r\n  await db.dropDatabase();\r\n\r\n  client.close();\r\n};\r\n"],"mappings":";;;;;;AAAA,IAAAA,QAAA,GAAAC,OAAA;AAAsC,SAAAC,aAAA,IACtC,uKAAAC,CAAA,EAAAC,CAAA,EAAAC,CAAA,wBAAAC,MAAA,GAAAA,MAAA,OAAAC,CAAA,GAAAF,CAAA,CAAAG,QAAA,kBAAAC,CAAA,GAAAJ,CAAA,CAAAK,WAAA,8BAAAC,EAAAN,CAAA,EAAAE,CAAA,EAAAE,CAAA,EAAAE,CAAA,QAAAC,CAAA,GAAAL,CAAA,IAAAA,CAAA,CAAAM,SAAA,YAAAC,SAAA,GAAAP,CAAA,GAAAO,SAAA,EAAAC,CAAA,GAAAC,MAAA,CAAAC,MAAA,CAAAL,CAAA,CAAAC,SAAA,UAAAK,mBAAA,CAAAH,CAAA,uBAAAV,CAAA,EAAAE,CAAA,EAAAE,CAAA,QAAAE,CAAA,EAAAC,CAAA,EAAAG,CAAA,EAAAI,CAAA,MAAAC,CAAA,GAAAX,CAAA,QAAAY,CAAA,OAAAC,CAAA,KAAAF,CAAA,KAAAb,CAAA,KAAAgB,CAAA,EAAApB,CAAA,EAAAqB,CAAA,EAAAC,CAAA,EAAAN,CAAA,EAAAM,CAAA,CAAAC,IAAA,CAAAvB,CAAA,MAAAsB,CAAA,WAAAA,EAAArB,CAAA,EAAAC,CAAA,WAAAM,CAAA,GAAAP,CAAA,EAAAQ,CAAA,MAAAG,CAAA,GAAAZ,CAAA,EAAAmB,CAAA,CAAAf,CAAA,GAAAF,CAAA,EAAAmB,CAAA,gBAAAC,EAAApB,CAAA,EAAAE,CAAA,SAAAK,CAAA,GAAAP,CAAA,EAAAU,CAAA,GAAAR,CAAA,EAAAH,CAAA,OAAAiB,CAAA,IAAAF,CAAA,KAAAV,CAAA,IAAAL,CAAA,GAAAgB,CAAA,CAAAO,MAAA,EAAAvB,CAAA,UAAAK,CAAA,EAAAE,CAAA,GAAAS,CAAA,CAAAhB,CAAA,GAAAqB,CAAA,GAAAH,CAAA,CAAAF,CAAA,EAAAQ,CAAA,GAAAjB,CAAA,KAAAN,CAAA,QAAAI,CAAA,GAAAmB,CAAA,KAAArB,CAAA,MAAAQ,CAAA,GAAAJ,CAAA,EAAAC,CAAA,GAAAD,CAAA,YAAAC,CAAA,WAAAD,CAAA,MAAAA,CAAA,MAAAR,CAAA,IAAAQ,CAAA,OAAAc,CAAA,MAAAhB,CAAA,GAAAJ,CAAA,QAAAoB,CAAA,GAAAd,CAAA,QAAAC,CAAA,MAAAU,CAAA,CAAAC,CAAA,GAAAhB,CAAA,EAAAe,CAAA,CAAAf,CAAA,GAAAI,CAAA,OAAAc,CAAA,GAAAG,CAAA,KAAAnB,CAAA,GAAAJ,CAAA,QAAAM,CAAA,MAAAJ,CAAA,IAAAA,CAAA,GAAAqB,CAAA,MAAAjB,CAAA,MAAAN,CAAA,EAAAM,CAAA,MAAAJ,CAAA,EAAAe,CAAA,CAAAf,CAAA,GAAAqB,CAAA,EAAAhB,CAAA,cAAAH,CAAA,IAAAJ,CAAA,aAAAmB,CAAA,QAAAH,CAAA,OAAAd,CAAA,qBAAAE,CAAA,EAAAW,CAAA,EAAAQ,CAAA,QAAAT,CAAA,YAAAU,SAAA,uCAAAR,CAAA,UAAAD,CAAA,IAAAK,CAAA,CAAAL,CAAA,EAAAQ,CAAA,GAAAhB,CAAA,GAAAQ,CAAA,EAAAL,CAAA,GAAAa,CAAA,GAAAxB,CAAA,GAAAQ,CAAA,OAAAT,CAAA,GAAAY,CAAA,MAAAM,CAAA,KAAAV,CAAA,KAAAC,CAAA,GAAAA,CAAA,QAAAA,CAAA,SAAAU,CAAA,CAAAf,CAAA,QAAAkB,CAAA,CAAAb,CAAA,EAAAG,CAAA,KAAAO,CAAA,CAAAf,CAAA,GAAAQ,CAAA,GAAAO,CAAA,CAAAC,CAAA,GAAAR,CAAA,aAAAI,CAAA,MAAAR,CAAA,QAAAC,CAAA,KAAAH,CAAA,YAAAL,CAAA,GAAAO,CAAA,CAAAF,CAAA,WAAAL,CAAA,GAAAA,CAAA,CAAA0B,IAAA,CAAAnB,CAAA,EAAAI,CAAA,UAAAc,SAAA,2CAAAzB,CAAA,CAAA2B,IAAA,SAAA3B,CAAA,EAAAW,CAAA,GAAAX,CAAA,CAAA4B,KAAA,EAAApB,CAAA,SAAAA,CAAA,oBAAAA,CAAA,KAAAR,CAAA,GAAAO,CAAA,eAAAP,CAAA,CAAA0B,IAAA,CAAAnB,CAAA,GAAAC,CAAA,SAAAG,CAAA,GAAAc,SAAA,uCAAApB,CAAA,gBAAAG,CAAA,OAAAD,CAAA,GAAAR,CAAA,cAAAC,CAAA,IAAAiB,CAAA,GAAAC,CAAA,CAAAf,CAAA,QAAAQ,CAAA,GAAAV,CAAA,CAAAyB,IAAA,CAAAvB,CAAA,EAAAe,CAAA,OAAAE,CAAA,kBAAApB,CAAA,IAAAO,CAAA,GAAAR,CAAA,EAAAS,CAAA,MAAAG,CAAA,GAAAX,CAAA,cAAAe,CAAA,mBAAAa,KAAA,EAAA5B,CAAA,EAAA2B,IAAA,EAAAV,CAAA,SAAAhB,CAAA,EAAAI,CAAA,EAAAE,CAAA,QAAAI,CAAA,QAAAS,CAAA,gBAAAV,UAAA,cAAAmB,kBAAA,cAAAC,2BAAA,KAAA9B,CAAA,GAAAY,MAAA,CAAAmB,cAAA,MAAAvB,CAAA,MAAAL,CAAA,IAAAH,CAAA,CAAAA,CAAA,IAAAG,CAAA,SAAAW,mBAAA,CAAAd,CAAA,OAAAG,CAAA,iCAAAH,CAAA,GAAAW,CAAA,GAAAmB,0BAAA,CAAArB,SAAA,GAAAC,SAAA,CAAAD,SAAA,GAAAG,MAAA,CAAAC,MAAA,CAAAL,CAAA,YAAAO,EAAAhB,CAAA,WAAAa,MAAA,CAAAoB,cAAA,GAAApB,MAAA,CAAAoB,cAAA,CAAAjC,CAAA,EAAA+B,0BAAA,KAAA/B,CAAA,CAAAkC,SAAA,GAAAH,0BAAA,EAAAhB,mBAAA,CAAAf,CAAA,EAAAM,CAAA,yBAAAN,CAAA,CAAAU,SAAA,GAAAG,MAAA,CAAAC,MAAA,CAAAF,CAAA,GAAAZ,CAAA,WAAA8B,iBAAA,CAAApB,SAAA,GAAAqB,0BAAA,EAAAhB,mBAAA,CAAAH,CAAA,iBAAAmB,0BAAA,GAAAhB,mBAAA,CAAAgB,0BAAA,iBAAAD,iBAAA,GAAAA,iBAAA,CAAAK,WAAA,wBAAApB,mBAAA,CAAAgB,0BAAA,EAAAzB,CAAA,wBAAAS,mBAAA,CAAAH,CAAA,GAAAG,mBAAA,CAAAH,CAAA,EAAAN,CAAA,gBAAAS,mBAAA,CAAAH,CAAA,EAAAR,CAAA,iCAAAW,mBAAA,CAAAH,CAAA,8DAAAb,YAAA,YAAAA,aAAA,aAAAqC,CAAA,EAAA5B,CAAA,EAAA6B,CAAA,EAAArB,CAAA;AAAA,SAAAD,oBAAAf,CAAA,EAAAE,CAAA,EAAAE,CAAA,EAAAH,CAAA,QAAAO,CAAA,GAAAK,MAAA,CAAAyB,cAAA,QAAA9B,CAAA,uBAAAR,CAAA,IAAAQ,CAAA,QAAAO,mBAAA,YAAAwB,mBAAAvC,CAAA,EAAAE,CAAA,EAAAE,CAAA,EAAAH,CAAA,QAAAC,CAAA,EAAAM,CAAA,GAAAA,CAAA,CAAAR,CAAA,EAAAE,CAAA,IAAA2B,KAAA,EAAAzB,CAAA,EAAAoC,UAAA,GAAAvC,CAAA,EAAAwC,YAAA,GAAAxC,CAAA,EAAAyC,QAAA,GAAAzC,CAAA,MAAAD,CAAA,CAAAE,CAAA,IAAAE,CAAA,YAAAE,CAAA,YAAAA,EAAAJ,CAAA,EAAAE,CAAA,IAAAW,mBAAA,CAAAf,CAAA,EAAAE,CAAA,YAAAF,CAAA,gBAAA2C,OAAA,CAAAzC,CAAA,EAAAE,CAAA,EAAAJ,CAAA,UAAAM,CAAA,aAAAA,CAAA,cAAAA,CAAA,oBAAAS,mBAAA,CAAAf,CAAA,EAAAE,CAAA,EAAAE,CAAA,EAAAH,CAAA;AAAA,SAAA2C,mBAAAxC,CAAA,EAAAH,CAAA,EAAAD,CAAA,EAAAE,CAAA,EAAAI,CAAA,EAAAe,CAAA,EAAAZ,CAAA,cAAAD,CAAA,GAAAJ,CAAA,CAAAiB,CAAA,EAAAZ,CAAA,GAAAG,CAAA,GAAAJ,CAAA,CAAAqB,KAAA,WAAAzB,CAAA,gBAAAJ,CAAA,CAAAI,CAAA,KAAAI,CAAA,CAAAoB,IAAA,GAAA3B,CAAA,CAAAW,CAAA,IAAAiC,OAAA,CAAAC,OAAA,CAAAlC,CAAA,EAAAmC,IAAA,CAAA7C,CAAA,EAAAI,CAAA;AAAA,SAAA0C,kBAAA5C,CAAA,6BAAAH,CAAA,SAAAD,CAAA,GAAAiD,SAAA,aAAAJ,OAAA,WAAA3C,CAAA,EAAAI,CAAA,QAAAe,CAAA,GAAAjB,CAAA,CAAA8C,KAAA,CAAAjD,CAAA,EAAAD,CAAA,YAAAmD,MAAA/C,CAAA,IAAAwC,kBAAA,CAAAvB,CAAA,EAAAnB,CAAA,EAAAI,CAAA,EAAA6C,KAAA,EAAAC,MAAA,UAAAhD,CAAA,cAAAgD,OAAAhD,CAAA,IAAAwC,kBAAA,CAAAvB,CAAA,EAAAnB,CAAA,EAAAI,CAAA,EAAA6C,KAAA,EAAAC,MAAA,WAAAhD,CAAA,KAAA+C,KAAA;AACA,IAAME,OAAO,GAAGC,OAAO,CAACC,GAAG,CAACC,QAAQ,KAAK,MAAM,GAAG,SAAS,GAAG,SAAS;AAEhE,IAAMC,eAAe,GAAAC,OAAA,CAAAD,eAAA;EAAA,IAAAE,IAAA,GAAAX,iBAAA,cAAAjD,YAAA,GAAAsC,CAAA,CAAG,SAAAuB,QAAOC,cAAc,EAAEC,IAAI;IAAA,IAAAC,MAAA,EAAAC,EAAA;IAAA,OAAAjE,YAAA,GAAAqC,CAAA,WAAA6B,QAAA;MAAA,kBAAAA,QAAA,CAAA7D,CAAA;QAAA;UAAA6D,QAAA,CAAA7D,CAAA;UAAA,OACnC8D,oBAAW,CAACC,OAAO,8BAAAC,MAAA,CACTf,OAAO,CACtC,CAAC;QAAA;UAFKU,MAAM,GAAAE,QAAA,CAAA7C,CAAA;UAGN4C,EAAE,GAAGD,MAAM,CAACC,EAAE,CAACX,OAAO,CAAC;UAAAY,QAAA,CAAA7D,CAAA;UAAA,OAEvB4D,EAAE,CAACK,UAAU,CAACR,cAAc,CAAC,CAACS,UAAU,CAACR,IAAI,CAAC;QAAA;UAEpDC,MAAM,CAACQ,KAAK,CAAC,CAAC;QAAC;UAAA,OAAAN,QAAA,CAAA5C,CAAA;MAAA;IAAA,GAAAuC,OAAA;EAAA,CAChB;EAAA,gBATYH,eAAeA,CAAAe,EAAA,EAAAC,GAAA;IAAA,OAAAd,IAAA,CAAAT,KAAA,OAAAD,SAAA;EAAA;AAAA,GAS3B;AAEM,IAAMyB,eAAe,GAAAhB,OAAA,CAAAgB,eAAA;EAAA,IAAAC,KAAA,GAAA3B,iBAAA,cAAAjD,YAAA,GAAAsC,CAAA,CAAG,SAAAuC,SAAMf,cAAc;IAAA,IAAAE,MAAA,EAAAC,EAAA,EAAAa,MAAA;IAAA,OAAA9E,YAAA,GAAAqC,CAAA,WAAA0C,SAAA;MAAA,kBAAAA,SAAA,CAAA1E,CAAA;QAAA;UAAA0E,SAAA,CAAA1E,CAAA;UAAA,OAC5B8D,oBAAW,CAACC,OAAO,8BAAAC,MAAA,CACTf,OAAO,CACtC,CAAC;QAAA;UAFKU,MAAM,GAAAe,SAAA,CAAA1D,CAAA;UAGN4C,EAAE,GAAGD,MAAM,CAACC,EAAE,CAACX,OAAO,CAAC;UAAAyB,SAAA,CAAA1E,CAAA;UAAA,OAER4D,EAAE,CAACK,UAAU,CAACR,cAAc,CAAC,CAACkB,IAAI,CAAC,CAAC,CAACC,OAAO,CAAC,CAAC;QAAA;UAA7DH,MAAM,GAAAC,SAAA,CAAA1D,CAAA;UAEZ2C,MAAM,CAACQ,KAAK,CAAC,CAAC;UAAC,OAAAO,SAAA,CAAAzD,CAAA,IAERwD,MAAM;MAAA;IAAA,GAAAD,QAAA;EAAA,CACd;EAAA,gBAXYF,eAAeA,CAAAO,GAAA;IAAA,OAAAN,KAAA,CAAAzB,KAAA,OAAAD,SAAA;EAAA;AAAA,GAW3B;AAEM,IAAMiC,aAAa,GAAAxB,OAAA,CAAAwB,aAAA;EAAA,IAAAC,KAAA,GAAAnC,iBAAA,cAAAjD,YAAA,GAAAsC,CAAA,CAAG,SAAA+C,SAAA;IAAA,IAAArB,MAAA,EAAAC,EAAA;IAAA,OAAAjE,YAAA,GAAAqC,CAAA,WAAAiD,SAAA;MAAA,kBAAAA,SAAA,CAAAjF,CAAA;QAAA;UAAAiF,SAAA,CAAAjF,CAAA;UAAA,OACN8D,oBAAW,CAACC,OAAO,8BAAAC,MAAA,CACTf,OAAO,CACtC,CAAC;QAAA;UAFKU,MAAM,GAAAsB,SAAA,CAAAjE,CAAA;UAGN4C,EAAE,GAAGD,MAAM,CAACC,EAAE,CAACX,OAAO,CAAC;UAAAgC,SAAA,CAAAjF,CAAA;UAAA,OAEvB4D,EAAE,CAACsB,YAAY,CAAC,CAAC;QAAA;UAEvBvB,MAAM,CAACQ,KAAK,CAAC,CAAC;QAAC;UAAA,OAAAc,SAAA,CAAAhE,CAAA;MAAA;IAAA,GAAA+D,QAAA;EAAA,CAChB;EAAA,gBATYF,aAAaA,CAAA;IAAA,OAAAC,KAAA,CAAAjC,KAAA,OAAAD,SAAA;EAAA;AAAA,GASzB","ignoreList":[]},"_coverageSchema":"1a1c01bbd47fc00a2c39e90264f33305004495a9","hash":"e398dc7b3102b72e45ae0e2d2b82b5b2143ad1bc","contentHash":"1c921b68fab509d22f501c48e95319356d3835182bc3fb007083d0bc5d1186f8"},"C:\\Users\\bulle\\Documents\\GitHub\\Holocron-Coding-Web\\matrix\\js\\node\\online\\LinkedIn\\TDD-es6\\mine\\src\\Server\\src\\server.js":{"path":"C:\\Users\\bulle\\Documents\\GitHub\\Holocron-Coding-Web\\matrix\\js\\node\\online\\LinkedIn\\TDD-es6\\mine\\src\\Server\\src\\server.js","statementMap":{"0":{"start":{"line":3,"column":0},"end":{"line":5,"column":3}},"1":{"start":{"line":6,"column":0},"end":{"line":6,"column":21}},"2":{"start":{"line":7,"column":15},"end":{"line":7,"column":57}},"3":{"start":{"line":8,"column":10},"end":{"line":8,"column":49}},"4":{"start":{"line":9,"column":37},"end":{"line":9,"column":85}},"5":{"start":{"line":10,"column":203},"end":{"line":10,"column":244}},"6":{"start":{"line":10,"column":250},"end":{"line":10,"column":276}},"7":{"start":{"line":10,"column":282},"end":{"line":10,"column":314}},"8":{"start":{"line":10,"column":349},"end":{"line":10,"column":402}},"9":{"start":{"line":10,"column":408},"end":{"line":10,"column":434}},"10":{"start":{"line":10,"column":436},"end":{"line":10,"column":1795}},"11":{"start":{"line":10,"column":515},"end":{"line":10,"column":516}},"12":{"start":{"line":10,"column":522},"end":{"line":10,"column":529}},"13":{"start":{"line":10,"column":535},"end":{"line":10,"column":537}},"14":{"start":{"line":10,"column":543},"end":{"line":10,"column":651}},"15":{"start":{"line":10,"column":608},"end":{"line":10,"column":647}},"16":{"start":{"line":10,"column":672},"end":{"line":10,"column":1009}},"17":{"start":{"line":10,"column":747},"end":{"line":10,"column":751}},"18":{"start":{"line":10,"column":757},"end":{"line":10,"column":760}},"19":{"start":{"line":10,"column":766},"end":{"line":10,"column":770}},"20":{"start":{"line":10,"column":772},"end":{"line":10,"column":1007}},"21":{"start":{"line":10,"column":1010},"end":{"line":10,"column":1035}},"22":{"start":{"line":10,"column":1026},"end":{"line":10,"column":1035}},"23":{"start":{"line":10,"column":1036},"end":{"line":10,"column":1052}},"24":{"start":{"line":10,"column":1055},"end":{"line":10,"column":1775}},"25":{"start":{"line":10,"column":1083},"end":{"line":10,"column":1142}},"26":{"start":{"line":10,"column":1094},"end":{"line":10,"column":1142}},"27":{"start":{"line":10,"column":1143},"end":{"line":10,"column":1742}},"28":{"start":{"line":10,"column":1217},"end":{"line":10,"column":1287}},"29":{"start":{"line":10,"column":1288},"end":{"line":10,"column":1740}},"30":{"start":{"line":10,"column":1294},"end":{"line":10,"column":1684}},"31":{"start":{"line":10,"column":1310},"end":{"line":10,"column":1613}},"32":{"start":{"line":10,"column":1345},"end":{"line":10,"column":1422}},"33":{"start":{"line":10,"column":1370},"end":{"line":10,"column":1422}},"34":{"start":{"line":10,"column":1423},"end":{"line":10,"column":1445}},"35":{"start":{"line":10,"column":1436},"end":{"line":10,"column":1445}},"36":{"start":{"line":10,"column":1446},"end":{"line":10,"column":1476}},"37":{"start":{"line":10,"column":1484},"end":{"line":10,"column":1613}},"38":{"start":{"line":10,"column":1614},"end":{"line":10,"column":1620}},"39":{"start":{"line":10,"column":1628},"end":{"line":10,"column":1684}},"40":{"start":{"line":10,"column":1678},"end":{"line":10,"column":1684}},"41":{"start":{"line":10,"column":1699},"end":{"line":10,"column":1719}},"42":{"start":{"line":10,"column":1732},"end":{"line":10,"column":1738}},"43":{"start":{"line":10,"column":1743},"end":{"line":10,"column":1772}},"44":{"start":{"line":10,"column":1806},"end":{"line":10,"column":1808}},"45":{"start":{"line":10,"column":1907},"end":{"line":10,"column":1933}},"46":{"start":{"line":10,"column":1942},"end":{"line":10,"column":2031}},"47":{"start":{"line":10,"column":2012},"end":{"line":10,"column":2024}},"48":{"start":{"line":10,"column":2037},"end":{"line":10,"column":2114}},"49":{"start":{"line":10,"column":2132},"end":{"line":10,"column":2344}},"50":{"start":{"line":10,"column":2347},"end":{"line":10,"column":2961}},"51":{"start":{"line":10,"column":2792},"end":{"line":10,"column":2804}},"52":{"start":{"line":10,"column":2858},"end":{"line":10,"column":2886}},"53":{"start":{"line":10,"column":2933},"end":{"line":10,"column":2955}},"54":{"start":{"line":11,"column":51},"end":{"line":11,"column":72}},"55":{"start":{"line":11,"column":74},"end":{"line":11,"column":117}},"56":{"start":{"line":11,"column":80},"end":{"line":11,"column":94}},"57":{"start":{"line":11,"column":109},"end":{"line":11,"column":115}},"58":{"start":{"line":11,"column":118},"end":{"line":11,"column":468}},"59":{"start":{"line":11,"column":182},"end":{"line":11,"column":432}},"60":{"start":{"line":11,"column":189},"end":{"line":11,"column":274}},"61":{"start":{"line":11,"column":289},"end":{"line":11,"column":384}},"62":{"start":{"line":11,"column":308},"end":{"line":11,"column":382}},"63":{"start":{"line":11,"column":349},"end":{"line":11,"column":378}},"64":{"start":{"line":11,"column":386},"end":{"line":11,"column":430}},"65":{"start":{"line":12,"column":51},"end":{"line":12,"column":120}},"66":{"start":{"line":12,"column":65},"end":{"line":12,"column":72}},"67":{"start":{"line":12,"column":78},"end":{"line":12,"column":85}},"68":{"start":{"line":12,"column":101},"end":{"line":12,"column":118}},"69":{"start":{"line":12,"column":121},"end":{"line":12,"column":167}},"70":{"start":{"line":13,"column":32},"end":{"line":13,"column":319}},"71":{"start":{"line":13,"column":61},"end":{"line":13,"column":65}},"72":{"start":{"line":13,"column":71},"end":{"line":13,"column":80}},"73":{"start":{"line":13,"column":82},"end":{"line":13,"column":316}},"74":{"start":{"line":13,"column":127},"end":{"line":13,"column":140}},"75":{"start":{"line":13,"column":162},"end":{"line":13,"column":216}},"76":{"start":{"line":13,"column":240},"end":{"line":13,"column":295}},"77":{"start":{"line":13,"column":298},"end":{"line":13,"column":312}},"78":{"start":{"line":14,"column":10},"end":{"line":14,"column":50}},"79":{"start":{"line":15,"column":0},"end":{"line":46,"column":5}},"80":{"start":{"line":16,"column":13},"end":{"line":42,"column":5}},"81":{"start":{"line":18,"column":4},"end":{"line":41,"column":32}},"82":{"start":{"line":19,"column":6},"end":{"line":40,"column":7}},"83":{"start":{"line":19,"column":16},"end":{"line":40,"column":7}},"84":{"start":{"line":21,"column":10},"end":{"line":21,"column":41}},"85":{"start":{"line":22,"column":10},"end":{"line":22,"column":25}},"86":{"start":{"line":23,"column":10},"end":{"line":23,"column":25}},"87":{"start":{"line":24,"column":10},"end":{"line":24,"column":60}},"88":{"start":{"line":26,"column":10},"end":{"line":26,"column":28}},"89":{"start":{"line":27,"column":10},"end":{"line":31,"column":11}},"90":{"start":{"line":28,"column":12},"end":{"line":28,"column":27}},"91":{"start":{"line":30,"column":12},"end":{"line":30,"column":35}},"92":{"start":{"line":32,"column":10},"end":{"line":32,"column":25}},"93":{"start":{"line":33,"column":10},"end":{"line":33,"column":16}},"94":{"start":{"line":35,"column":10},"end":{"line":35,"column":25}},"95":{"start":{"line":36,"column":10},"end":{"line":36,"column":26}},"96":{"start":{"line":37,"column":10},"end":{"line":37,"column":35}},"97":{"start":{"line":39,"column":10},"end":{"line":39,"column":31}},"98":{"start":{"line":43,"column":2},"end":{"line":45,"column":4}},"99":{"start":{"line":44,"column":4},"end":{"line":44,"column":39}}},"fnMap":{"0":{"name":"_interopRequireDefault","decl":{"start":{"line":9,"column":9},"end":{"line":9,"column":31}},"loc":{"start":{"line":9,"column":35},"end":{"line":9,"column":87}},"line":9},"1":{"name":"_regenerator","decl":{"start":{"line":10,"column":9},"end":{"line":10,"column":21}},"loc":{"start":{"line":10,"column":24},"end":{"line":10,"column":2963}},"line":10},"2":{"name":"i","decl":{"start":{"line":10,"column":325},"end":{"line":10,"column":326}},"loc":{"start":{"line":10,"column":339},"end":{"line":10,"column":1797}},"line":10},"3":{"name":"(anonymous_3)","decl":{"start":{"line":10,"column":477},"end":{"line":10,"column":478}},"loc":{"start":{"line":10,"column":496},"end":{"line":10,"column":1777}},"line":10},"4":{"name":"d","decl":{"start":{"line":10,"column":598},"end":{"line":10,"column":599}},"loc":{"start":{"line":10,"column":606},"end":{"line":10,"column":649}},"line":10},"5":{"name":"d","decl":{"start":{"line":10,"column":662},"end":{"line":10,"column":663}},"loc":{"start":{"line":10,"column":670},"end":{"line":10,"column":1054}},"line":10},"6":{"name":"(anonymous_6)","decl":{"start":{"line":10,"column":1062},"end":{"line":10,"column":1063}},"loc":{"start":{"line":10,"column":1081
[...]
\n    if (user) {\r\n      res.json(user);\r\n    } else {\r\n      res.status(404).send();\r\n    }\r\n  } catch (error) {\r\n    res.status(500).json(error);\r\n  }\r\n});\r\n\r\nexport { app };\r\n"],"mappings":";;;;;;AAAA,IAAAA,QAAA,GAAAC,sBAAA,CAAAC,OAAA;AACA,IAAAC,GAAA,GAAAF,sBAAA,CAAAC,OAAA;AAAsB,SAAAD,uBAAAG,CAAA,WAAAA,CAAA,IAAAA,CAAA,CAAAC,UAAA,GAAAD,CAAA,gBAAAA,CAAA;AAAA,SAAAE,aAAA,IAAtB,uKAAAF,CAAA,EAAAG,CAAA,EAAAC,CAAA,wBAAAC,MAAA,GAAAA,MAAA,OAAAC,CAAA,GAAAF,CAAA,CAAAG,QAAA,kBAAAC,CAAA,GAAAJ,CAAA,CAAAK,WAAA,8BAAAC,EAAAN,CAAA,EAAAE,CAAA,EAAAE,CAAA,EAAAE,CAAA,QAAAC,CAAA,GAAAL,CAAA,IAAAA,CAAA,CAAAM,SAAA,YAAAC,SAAA,GAAAP,CAAA,GAAAO,SAAA,EAAAC,CAAA,GAAAC,MAAA,CAAAC,MAAA,CAAAL,CAAA,CAAAC,SAAA,UAAAK,mBAAA,CAAAH,CAAA,uBAAAV,CAAA,EAAAE,CAAA,EAAAE,CAAA,QAAAE,CAAA,EAAAC,CAAA,EAAAG,CAAA,EAAAI,CAAA,MAAAC,CAAA,GAAAX,CAAA,QAAAY,CAAA,OAAAC,CAAA,KAAAF,CAAA,KAAAb,CAAA,KAAAgB,CAAA,EAAAtB,CAAA,EAAAuB,CAAA,EAAAC,CAAA,EAAAN,CAAA,EAAAM,CAAA,CAAAC,IAAA,CAAAzB,CAAA,MAAAwB,CAAA,WAAAA,EAAArB,CAAA,EAAAC,CAAA,WAAAM,CAAA,GAAAP,CAAA,EAAAQ,CAAA,MAAAG,CAAA,GAAAd,CAAA,EAAAqB,CAAA,CAAAf,CAAA,GAAAF,CAAA,EAAAmB,CAAA,gBAAAC,EAAApB,CAAA,EAAAE,CAAA,SAAAK,CAAA,GAAAP,CAAA,EAAAU,CAAA,GAAAR,CAAA,EAAAH,CAAA,OAAAiB,CAAA,IAAAF,CAAA,KAAAV,CAAA,IAAAL,CAAA,GAAAgB,CAAA,CAAAO,MAAA,EAAAvB,CAAA,UAAAK,CAAA,EAAAE,CAAA,GAAAS,CAAA,CAAAhB,CAAA,GAAAqB,CAAA,GAAAH,CAAA,CAAAF,CAAA,EAAAQ,CAAA,GAAAjB,CAAA,KAAAN,CAAA,QAAAI,CAAA,GAAAmB,CAAA,KAAArB,CAAA,MAAAQ,CAAA,GAAAJ,CAAA,EAAAC,CAAA,GAAAD,CAAA,YAAAC,CAAA,WAAAD,CAAA,MAAAA,CAAA,MAAAV,CAAA,IAAAU,CAAA,OAAAc,CAAA,MAAAhB,CAAA,GAAAJ,CAAA,QAAAoB,CAAA,GAAAd,CAAA,QAAAC,CAAA,MAAAU,CAAA,CAAAC,CAAA,GAAAhB,CAAA,EAAAe,CAAA,CAAAf,CAAA,GAAAI,CAAA,OAAAc,CAAA,GAAAG,CAAA,KAAAnB,CAAA,GAAAJ,CAAA,QAAAM,CAAA,MAAAJ,CAAA,IAAAA,CAAA,GAAAqB,CAAA,MAAAjB,CAAA,MAAAN,CAAA,EAAAM,CAAA,MAAAJ,CAAA,EAAAe,CAAA,CAAAf,CAAA,GAAAqB,CAAA,EAAAhB,CAAA,cAAAH,CAAA,IAAAJ,CAAA,aAAAmB,CAAA,QAAAH,CAAA,OAAAd,CAAA,qBAAAE,CAAA,EAAAW,CAAA,EAAAQ,CAAA,QAAAT,CAAA,YAAAU,SAAA,uCAAAR,CAAA,UAAAD,CAAA,IAAAK,CAAA,CAAAL,CAAA,EAAAQ,CAAA,GAAAhB,CAAA,GAAAQ,CAAA,EAAAL,CAAA,GAAAa,CAAA,GAAAxB,CAAA,GAAAQ,CAAA,OAAAX,CAAA,GAAAc,CAAA,MAAAM,CAAA,KAAAV,CAAA,KAAAC,CAAA,GAAAA,CAAA,QAAAA,CAAA,SAAAU,CAAA,CAAAf,CAAA,QAAAkB,CAAA,CAAAb,CAAA,EAAAG,CAAA,KAAAO,CAAA,CAAAf,CAAA,GAAAQ,CAAA,GAAAO,CAAA,CAAAC,CAAA,GAAAR,CAAA,aAAAI,CAAA,MAAAR,CAAA,QAAAC,CAAA,KAAAH,CAAA,YAAAL,CAAA,GAAAO,CAAA,CAAAF,CAAA,WAAAL,CAAA,GAAAA,CAAA,CAAA0B,IAAA,CAAAnB,CAAA,EAAAI,CAAA,UAAAc,SAAA,2CAAAzB,CAAA,CAAA2B,IAAA,SAAA3B,CAAA,EAAAW,CAAA,GAAAX,CAAA,CAAA4B,KAAA,EAAApB,CAAA,SAAAA,CAAA,oBAAAA,CAAA,KAAAR,CAAA,GAAAO,CAAA,eAAAP,CAAA,CAAA0B,IAAA,CAAAnB,CAAA,GAAAC,CAAA,SAAAG,CAAA,GAAAc,SAAA,uCAAApB,CAAA,gBAAAG,CAAA,OAAAD,CAAA,GAAAV,CAAA,cAAAG,CAAA,IAAAiB,CAAA,GAAAC,CAAA,CAAAf,CAAA,QAAAQ,CAAA,GAAAV,CAAA,CAAAyB,IAAA,CAAAvB,CAAA,EAAAe,CAAA,OAAAE,CAAA,kBAAApB,CAAA,IAAAO,CAAA,GAAAV,CAAA,EAAAW,CAAA,MAAAG,CAAA,GAAAX,CAAA,cAAAe,CAAA,mBAAAa,KAAA,EAAA5B,CAAA,EAAA2B,IAAA,EAAAV,CAAA,SAAAhB,CAAA,EAAAI,CAAA,EAAAE,CAAA,QAAAI,CAAA,QAAAS,CAAA,gBAAAV,UAAA,cAAAmB,kBAAA,cAAAC,2BAAA,KAAA9B,CAAA,GAAAY,MAAA,CAAAmB,cAAA,MAAAvB,CAAA,MAAAL,CAAA,IAAAH,CAAA,CAAAA,CAAA,IAAAG,CAAA,SAAAW,mBAAA,CAAAd,CAAA,OAAAG,CAAA,iCAAAH,CAAA,GAAAW,CAAA,GAAAmB,0BAAA,CAAArB,SAAA,GAAAC,SAAA,CAAAD,SAAA,GAAAG,MAAA,CAAAC,MAAA,CAAAL,CAAA,YAAAO,EAAAlB,CAAA,WAAAe,MAAA,CAAAoB,cAAA,GAAApB,MAAA,CAAAoB,cAAA,CAAAnC,CAAA,EAAAiC,0BAAA,KAAAjC,CAAA,CAAAoC,SAAA,GAAAH,0BAAA,EAAAhB,mBAAA,CAAAjB,CAAA,EAAAQ,CAAA,yBAAAR,CAAA,CAAAY,SAAA,GAAAG,MAAA,CAAAC,MAAA,CAAAF,CAAA,GAAAd,CAAA,WAAAgC,iBAAA,CAAApB,SAAA,GAAAqB,0BAAA,EAAAhB,mBAAA,CAAAH,CAAA,iBAAAmB,0BAAA,GAAAhB,mBAAA,CAAAgB,0BAAA,iBAAAD,iBAAA,GAAAA,iBAAA,CAAAK,WAAA,wBAAApB,mBAAA,CAAAgB,0BAAA,EAAAzB,CAAA,wBAAAS,mBAAA,CAAAH,CAAA,GAAAG,mBAAA,CAAAH,CAAA,EAAAN,CAAA,gBAAAS,mBAAA,CAAAH,CAAA,EAAAR,CAAA,iCAAAW,mBAAA,CAAAH,CAAA,8DAAAZ,YAAA,YAAAA,aAAA,aAAAoC,CAAA,EAAA5B,CAAA,EAAA6B,CAAA,EAAArB,CAAA;AAAA,SAAAD,oBAAAjB,CAAA,EAAAI,CAAA,EAAAE,CAAA,EAAAH,CAAA,QAAAO,CAAA,GAAAK,MAAA,CAAAyB,cAAA,QAAA9B,CAAA,uBAAAV,CAAA,IAAAU,CAAA,QAAAO,mBAAA,YAAAwB,mBAAAzC,CAAA,EAAAI,CAAA,EAAAE,CAAA,EAAAH,CAAA,QAAAC,CAAA,EAAAM,CAAA,GAAAA,CAAA,CAAAV,CAAA,EAAAI,CAAA,IAAA2B,KAAA,EAAAzB,CAAA,EAAAoC,UAAA,GAAAvC,CAAA,EAAAwC,YAAA,GAAAxC,CAAA,EAAAyC,QAAA,GAAAzC,CAAA,MAAAH,CAAA,CAAAI,CAAA,IAAAE,CAAA,YAAAE,CAAA,YAAAA,EAAAJ,CAAA,EAAAE,CAAA,IAAAW,mBAAA,CAAAjB,CAAA,EAAAI,CAAA,YAAAJ,CAAA,gBAAA6C,OAAA,CAAAzC,CAAA,EAAAE,CAAA,EAAAN,CAAA,UAAAQ,CAAA,aAAAA,CAAA,cAAAA,CAAA,oBAAAS,mBAAA,CAAAjB,CAAA,EAAAI,CAAA,EAAAE,CAAA,EAAAH,CAAA;AAAA,SAAA2C,mBAAAxC,CAAA,EAAAH,CAAA,EAAAH,CAAA,EAAAI,CAAA,EAAAI,CAAA,EAAAe,CAAA,EAAAZ,CAAA,cAAAD,CAAA,GAAAJ,CAAA,CAAAiB,CAAA,EAAAZ,CAAA,GAAAG,CAAA,GAAAJ,CAAA,CAAAqB,KAAA,WAAAzB,CAAA,gBAAAN,CAAA,CAAAM,CAAA,KAAAI,CAAA,CAAAoB,IAAA,GAAA3B,CAAA,CAAAW,CAAA,IAAAiC,OAAA,CAAAC,OAAA,CAAAlC,CAAA,EAAAmC,IAAA,CAAA7C,CAAA,EAAAI,CAAA;AAAA,SAAA0C,kBAAA5C,CAAA,6BAAAH,CAAA,SAAAH,CAAA,GAAAmD,SAAA,aAAAJ,OAAA,WAAA3C,CAAA,EAAAI,CAAA,QAAAe,CAAA,GAAAjB,CAAA,CAAA8C,KAAA,CAAAjD,CAAA,EAAAH,CAAA,YAAAqD,MAAA/C,CAAA,IAAAwC,kBAAA,CAAAvB,CAAA,EAAAnB,CAAA,EAAAI,CAAA,EAAA6C,KAAA,EAAAC,MAAA,UAAAhD,CAAA,cAAAgD,OAAAhD,CAAA,IAAAwC,kBAAA,CAAAvB,CAAA,EAAAnB,CAAA,EAAAI,CAAA,EAAA6C,KAAA,EAAAC,MAAA,WAAAhD,CAAA,KAAA+C,KAAA;AAEA,IAAME,GAAG,GAAAC,OAAA,CAAAD,GAAA,GAAG,IAAAE,mBAAO,EAAC,CAAC;AAErBF,GAAG,CAACG,GAAG,CAAC,kBAAkB;EAAA,IAAAC,IAAA,GAAAT,iBAAA,cAAAhD,YAAA,GAAAqC,CAAA,CAAE,SAAAqB,QAAOC,GAAG,EAAEC,GAAG;IAAA,IAAAC,QAAA,EAAAC,IAAA,EAAAC,EAAA;IAAA,OAAA/D,YAAA,GAAAoC,CAAA,WAAA4B,QAAA;MAAA,kBAAAA,QAAA,CAAA5D,CAAA;QAAA;UACjCyD,QAAQ,GAAKF,GAAG,CAACM,MAAM,CAAvBJ,QAAQ;UAAAG,QAAA,CAAA/C,CAAA;UAAA+C,QAAA,CAAA5D,CAAA;UAAA,OAGK8D,cAAE,CAACC,iBAAiB,CAACN,QAAQ,CAAC;QAAA;UAA3CC,IAAI,GAAAE,QAAA,CAAA5C,CAAA;UAEV,IAAI0C,IAAI,EAAE;YACRF,GAAG,CAACQ,IAAI,CAACN,IAAI,CAAC;UAChB,CAAC,MAAM;YACLF,GAAG,CAACS,MAAM,CAAC,GAAG,CAAC,CAACC,IAAI,CAAC,CAAC;UACxB;UAACN,QAAA,CAAA5D,CAAA;UAAA;QAAA;UAAA4D,QAAA,CAAA/C,CAAA;UAAA8C,EAAA,GAAAC,QAAA,CAAA5C,CAAA;UAEDwC,GAAG,CAACS,MAAM,CAAC,GAAG,CAAC,CAACD,IAAI,CAAAL,EAAM,CAAC;QAAC;UAAA,OAAAC,QAAA,CAAA3C,CAAA;MAAA;IAAA,GAAAqC,OAAA;EAAA,CAE/B;EAAA,iBAAAa,EAAA,EAAAC,GAAA;IAAA,OAAAf,IAAA,CAAAP,KAAA,OAAAD,SAAA;EAAA;AAAA,IAAC","ignoreList":[]},"_coverageSchema":"1a1c01bbd47fc00a2c39e90264f33305004495a9","hash":"10447417e4066e4b78d07df763ec889a8b9c7316","contentHash":"9f845d53e34a79188f194facf0bcba80ac4149072becccfe7112c07251dd4319"},"C:\\Users\\bulle\\Documents\\GitHub\\Holocron-Coding-Web\\matrix\\js\\node\\online\\LinkedIn\\TDD-es6\\mine\\src\\unit-testing-examples\\anagram.js":{"path":"C:\\Users\\bulle\\Documents\\GitHub\\Holocron-Coding-Web\\matrix\\js\\node\\online\\LinkedIn\\TDD-es6\\mine\\src\\unit-testing-examples\\anagram.js","statementMap":{"0":{"start":{"line":3,"column":0},"end":{"line":5,"column":3}},"1":{"start":{"line":6,"column":0},"end":{"line":6,"column":27}},"2":{"start":{"line":7,"column":14},"end":{"line":7,"column":31}},"3":{"start":{"line":8,"column":19},"end":{"line":8,"column":44}},"4":{"start":{"line":9,"column":16},"end":{"line":13,"column":1}},"5":{"start":{"line":10,"column":25},"end":{"line":10,"column":99}},"6":{"start":{"line":11,"column":26},"end":{"line":11,"column":100}},"7":{"start":{"line":12,"column":2},"end":{"line":12,"column":67}}},"fnMap":{"0":{"name":"isAnagram","decl":{"start":{"line":9,"column":45},"end":{"line":9,"column":54}},"loc":{"start":{"line":9,"column":73},"end":{"line":13,"column":1}},"line":9}},"branchMap":{},"s":{"0":1,"1":1,"2":1,"3":1,"4":1,"5":10,"6":10,"7":10},"f":{"0":10},"b":{},"inputSourceMap":{"version":3,"names":["_lodash","require","_letterCount","isAnagram","exports","string1","string2","firstWordLetters","getLetterCount","toLowerCase","replace","secondWordLetters","isEqual"],"sourceRoot":"C:\\Users\\bulle\\Documents\\GitHub\\Holocron-Coding-Web\\matrix\\js\\node\\online\\LinkedIn\\TDD-es6\\mine\\src\\unit-testing-examples\\","sources":["anagram.js"],"sourcesContent":["import { isEqual } from 'lodash';\r\nimport { getLetterCount } from './letter-count';\r\n\r\nexport const isAnagram = (string1, string2) => {\r\n  const firstWordLetters = getLetterCount(\r\n    string1.toLowerCase().replace(/\\s/g, '')\r\n  );\r\n  const secondWordLetters = getLetterCount(\r\n    string2.toLowerCase().replace(/\\s/g, '')\r\n  );\r\n\r\n  return isEqual(firstWordLetters, secondWordLetters);\r\n};\r\n"],"mappings":";;;;;;AAAA,IAAAA,OAAA,GAAAC,OAAA;AACA,IAAAC,YAAA,GAAAD,OAAA;AAEO,IAAME,SAAS,GAAAC,OAAA,CAAAD,SAAA,GAAG,SAAZA,SAASA,CAAIE,OAAO,EAAEC,OAAO,EAAK;EAC7C,IAAMC,gBAAgB,GAAG,IAAAC,2BAAc,EACrCH,OAAO,CAACI,WAAW,CAAC,CAAC,CAACC,OAAO,CAAC,KAAK,EAAE,EAAE,CACzC,CAAC;EACD,IAAMC,iBAAiB,GAAG,IAAAH,2BAAc,EACtCF,OAAO,CAACG,WAAW,CAAC,CAAC,CAACC,OAAO,CAAC,KAAK,EAAE,EAAE,CACzC,CAAC;EAED,OAAO,IAAAE,eAAO,EAACL,gBAAgB,EAAEI,iBAAiB,CAAC;AACrD,CAAC","ignoreList":[]},"_coverageSchema":"1a1c01bbd47fc00a2c39e90264f33305004495a9","hash":"a6096a1a7d164d90752411dbe813a46c33cf11b1","contentHash":"a74d057a1891b7d6bd1cc182d882a2ee4ccb4bc45d7b7b186137666d538dba68"},"C:\\Users\\bulle\\Documents\\GitHub\\Holocron-Coding-Web\\matrix\\js\\node\\online\\LinkedIn\\TDD-es6\\mine\\src\\unit-testing-examples\\letter-count.js":{"path":"C:\\Users\\bulle\\Documents\\GitHub\\Holocron-Coding-Web\\matrix\\js\\node\\online\\LinkedIn\\TDD-es6\\mine\\src\\unit-testing-examples\\letter-count.js","statementMap":{"0":{"start":{"line":3,"column":0},"end":{"line":5,"column":3}},"1":{"start":{"line":6,"column":0},"end":{"line":6,"column":32}},"2":{"start":{"line":7,"column":49},"end":{"line":7,"column":316}},"3":{"start":{"line":7,"column":149},"end":{"line":7,"column":165}},"4":{"start":{"line":7,"column":185},"end":{"line":7,"column":301}},"5":{"start":{"line":8,"column":33},"end":{"line":8,"column":47}},"6":{"start":{"line":8,"column":49},"end":{"line":8,"column":243}},"7":{"start":{"line":8,"column":93},"end":{"line":8,"column":124}},"8":{"start":{"line":8,"column":126},"end":{"line":8,"column":241}},"9":{"start":{"line":8,"column":160},"end":{"line":8,"column":216}},"10":{"start":{"line":8,"column":244},"end":{"line":8,"column":253}},"11":{"start":{"line":9,"column":28},"end":{"line":9,"column":427}},"12":{"start":{"line":9,"column":41},"end":{"line":9,"column":42}},"13":{"start":{"line":9,"column":81},"end":{"line":9,"column":121}},"14":{"start":{"line":9,"column":123},"end":{"line":9,"column":425}},"15":{"start":{"line":9,"column":177},"end":{"line":9,"column":205}},"16":{"start":{"line":9,"column":354},"end":{"line":9,"column":421}},"17":{"start":{"line":9,"column":428},"end":{"line":9,"column":437}},"18":{"start":{"line":10,"column":36},"end":{"line":10,"column":178}},"19":{"start":{"line":11,"column":37},"end":{"line":11,"column":62}},"20":{"start":{"line":11,"column":64},"end":{"line":11,"column":107}},"21":{"start":{"line":12,"column":30},"end":{"line":12,"column":73}},"22":{"start":{"line":12,"column":64},"end":{"line":12,"column":73}},"23":{"start":{"line":12,"column":82},"end":{"line":12,"column":103}},"24":{"start":{"line":12,"column":105},"end":{"line":12,"column":268}},"25":{"start":{"line":12,"column":133},"end":{"line":12,"column":158}},"26":{"start":{"line":12,"column":160},"end":{"line":12,"column":197}},"27":{"start":{"line":12,"column":188},"end":{"line":12,"column":197}},"28":{"start":{"line":12,"column":198},"end":{"line":12,"column":266}},"29":{"start":{"line":12,"column":269},"end":{"line":12,"column":314}},"30":{"start":{"line":16,"column":21},"end":{"line":20,"column":1}},"31":{"start":{"line":17,"column":2},"end":{"line":19,"column":9}},"32":{"start":{"line":18,"column":4},"end":{"line":18,"column":117}}},"fnMap":{"0":{"name":"_typeof","decl":{"start":{"line":7,"column":9},"end":{"line":7,"column":16}},"loc":{"start":{"line":7,"column":20},"end":{"line":7,"column":318}},"line":7},"1":{"name":"(anonymous_1)","decl":{"start":{"line":7,"column":134},"end":{"line":7,"column":135}},"loc":{"start":{"line":7,"column":147},"end":{"line":7,"column":167}},"line":7},"2":{"name":"(anonymous_2)","decl":{"start":{"line":7,"column":170},"end":{"line":7,"column":171}},"loc":{"start":{"line":7,"column":183},"end":{"line":7,"column":303}},"line":7},"3":{"name":"ownKeys","decl":{"start":{"line":8,"column":9},"end":{"line":8,"column":16}},"loc":{"start":{"line":8,"column":23},"end":{"line":8,"column":255}},"line":8},"4":{"name":"(anonymous_4)","decl":{"start":{"line":8,"column":145},"end":{"line":8,"column":146}},"loc":{"start":{"line":8,"column":158},"end":{"line":8,"column":218}},"line":8},"5":{"name":"_objectSpread","decl":{"start":{"line":9,"column":9},"end":{"line":9,"column":22}},"loc":{"start":{"line":9,"column":26},"end":{"line":9,"column":439}},"line":9},"6":{"name":"(anonymous_6)","decl":{"start":{"line":9,"column":162},"end":{"line":9,"column":163}},"loc":{"start":{"line":9,"column":175},"end":{"line":9,"column":207}},"line":9},"7":{"name":"(anonymous_7)","decl":{"start":{"line":9,"column":339},"end":{"line":9,"column":340}},"loc":{"start":{"line":9,"column":352},"end":{"line":9,"column":423}},"line":9},"8":{"name":"_defineProperty","decl":{"start":{"line":10,"column":9},"end":{"line":10,"column":24}},"loc":{"start":{"line":10,"column":34},"end":{"line":10,"column":180}},"line":10},"9":{"name":"_toPropertyKey","decl":{"start":{"line":11,"column":9},"end":{"line":11,"column":23}},"loc":{"start":{"line":11,"column":27},"end":{"line":11,"column":109}},"line":11},"10":{"name":"_toPrimitive","decl":{"start":{"line":12,"column":9},"end":{"line":12,"column":21}},"loc":{"start":{"line":12,"column":28},"end":{"line":12,"column":316}},"line":12},"11":{"name":"getLetterCount","decl":{"start":{"line":16,"column":55},"end":{"line":16,"column":69}},"loc":{"start":{"line":16,"column":78},"end":{"line":20,"column":1}},"line":16},"12":{"name":"(anonymous_12)","decl":{"start":{"line":17,"column":33},"end":{"line":17,"column":34}},"loc":{"start":{"line":17,"column":56},"end":{"line":19,"column":3}},"line":17}},"branchMap":{"0":{"loc":{"start":{"line":7,"column":66},"end":{"line":7,"column":303}},"type":"cond-expr","locations":[{"start":{"line":7,"column":134},"end":{"line":7,"column":167}},{"start":{"line":7,"column":170},"end":{"line":7,"column":303}}],"line":7},"1":{"loc":{"start":{"line":7,"column":66},"end":{"line":7,"column":131}},"type":"binary-expr","locations":[{"start":{"line":7,"column":66},"end":{"line":7,"column":93}},{"start":{"line":7,"column":97},"end":{"line":7,"column":131}}],"line":7},"2":{"loc":{"start":{"line":7,"column":192},"end":{"line":7,"column":300}},"type":"cond-expr","locations":[{"start":{"line":7,"column":281},"end":{"line":7,"column":289}},{"start":{"line":7,"column":292},"end":{"line":7,"column":300}}],"line":7},"3":{"loc":{"start":{"line":7,"column":192},"end":{"line":7,"column":278}},"type":"binary-expr","locations":[{"start":{"line":7,"column":192},"end":{"line":7,"column":193}},{"start":{"line":7,"column":197},"end":{"line":7,"column":224}},{"start":{"line":7,"column":228},"end":{"line":7,"column":252}},{"start":{"line":7,"column":256},"end":{"line":7,"column":278}}],"line":7},"4":{"loc":{"start":{"line":8,"column":49},"end":{"line":8,"column":243}},"type":"if","locations":[{"start":{"line":8,"column":49},"end":{"line":8,"column":243}},{"start":{},"end":{}}],"line":8},"5":{"loc":{"start":{"line":8,"column":126},"end":{"line":8,"column":220}},"type":"binary-expr","locations":[{"start":{"line":8,"column":126},"end":{"line":8,"column":127}},{"start":{"line":8,"column":132},"end":{"line":8,"column":219}}],"line":8},"6":{"loc":{"start":{"line":9,"column":81},"end":{"line":9,"column":121}},"type":"cond-expr","locations":[{"start":{"line":9,"column":104},"end":{"line":9,"column":116}},{"start":{"line":9,"column":119},"end":{"line":9,"column":121}}],"line":9},"7":{"loc":{"start":{"line":9,"column":123},"end":{"line":9,"column":424}},"type":"cond-expr","locations":[{"start":{"line":9,"column":131},"end":{"line":9,"column":208}},{"start":{"line":9,"column":211},"end":{"line":9,"column":424}}],"line":9},"8":{"loc":{"start":{"line":9,"column":211},"end":{"line":9,"column":424}},"type":"cond-expr","locations":[{"start":{"line":9,"column":246},"end":{"line":9,"column":309}},{"start":{"line":9,"column":312},"end":{"line":9,"column":424}}],"line":9},"9":{"loc":{"start":{"line":10,"column":43},"end":{"line":10,"column":174}},"type":"cond-expr","locations":[{"start":{"line":10,"column":74},"end":{"line":10,"column":163}},{"start":{"line":10,"column":166},"end":{"line":10,"column":174}}],"line":10},"10":{"loc":{"start":{"line":11,"column":71},"end":{"line":11,"column":106}},"type":"cond-expr","locations":[{"start":{"line":11,"column":96},"end":{"line":11,"column":97}},{"start":{"line":11,"column":100},"end":{"line":11,"column":106}}],"line":11},"11":{"loc":{"start":{"line":12,"column":30},"end":{"line":12,"column":73}},"type":"if","locations":[{"start":{"line":12,"column":30},"end":{"line":12,"column":73}},{"start":{},"end":{}}],"line":12},"12":{"loc":{"start":{"line":12,"column":34},"end":{"line":12,"column":62}},"type":"binary-expr","locations":[{"start":{"line":12,"column":34},"end":{"line":12,"column":56}},{"start":{"line":12,"column":60},"end":{"line":12,"column":62}}],"line":12},"13":{"loc":{"start":{"line":12,"column":105},"end":{"line":12,"column":268}},"type":"if","locations":[{"start":{"line":12,"column":105},"end":{"line":12,"column":268}},{"start":{},"end":{}}],"line":12},"14":{"loc":{"start":{"line":12,"column":143},"end":{"line":12,"column":157}},"type":"binary-expr","locations":[{"start":{"line":12,"column":143},"end":{"line":12,"column":144}},{"start":{"line":12,"column":148},"end":{"line":12,"column":157}}],"line":12},"15":{"loc":{"start":{"line":12,"column":160},"end":{"line":12,"column":197}},"type":"if","locations":[{"start":{"line":12,"column":160},"end":{"line":12,"column":197}},{"start":{},"end":{}}],"line":12},"16":{"loc":{"start":{"line":12,"column":277},"end":{"line":12,"column":309}},"type":"cond-expr","locations":[{"start":{"line":12,"column":294},"end":{"line":12,"column":300}},{"start":{"line":12,"column":303},"end":{"line":12,"column":309}}],"line":12},"17":{"loc":{"start":{"line":18,"column":81},"end":{"line":18,"column":114}},"type":"cond-expr","locations":[{"start":{"line":18,"column":95},"end":{"line":18,"column":110}},{"start":{"line":18,"column":113},"end":{"line":18,"column":114}}],"line":18}},"s":{"0":1,"1":1,"2":1,"3":1312,"4":0,"5":310,"6":310,"7":310,"8":310,"9":0,"10":310,"11":310,"12":310,"13":465,"14":465,"15":501,"16":0,"17":310,"18":656,"19":656,"20":656,"21":656,"22":656,"23":0,"24":0,"25":0,"26":0,"27":0,"28":0,"29":0,"30":1,"31":23,"32":155},"f":{"0":1,"1":1312,"2":0,"3":310,"4":0,"5":310,"6":501,"7":0,"8":656,"9":656,"10":656,"11":23,"12":155},"b":{"0":[1,0],"1":[1,1],"2":[0,0],"3":[0,0,0,0],"4":[310,0],"5":[310,310],"6":[465,0],"7":[310,155],"8":[155,0],"9":[0,656],"10":[0,656],"11":[656,0],"12":[656,0],"13":[0,0],"14":[0,0],"15":[0,0],"16":[0,0],"17":[29,126]},"inputSourceMap":{"version":3,"names":["getLetterCount","exports","string","split","reduce","acc","letter","_objectSpread","_defineProperty"],"sourceRoot":"C:\\Users\\bulle\\Documents\\GitHub\\Holocron-Coding-Web\\matrix\\js\\node\\online\\LinkedIn\\TDD-es6\\mine\\src\\unit-testing-examples\\","sources":["letter-count.js"],"sourcesContent":["// 'cat' -> { c: 1, a: 1, t: 1 }\r\n// 'better' -> { b: 1, e: 2, t: 2, r: 1 }\r\n\r\nexport const getLetterCount = string => {\r\n  return string.split('').reduce(\r\n    (acc, letter) => ({\r\n      ...acc,\r\n      [letter]: acc[letter] ? acc[letter] + 1 : 1,\r\n    }),\r\n    {}\r\n  );\r\n};\r\n"],"mappings":";;;;;;;;;;;;AAAA;AACA;;AAEO,IAAMA,cAAc,GAAAC,OAAA,CAAAD,cAAA,GAAG,SAAjBA,cAAcA,CAAGE,MAAM,EAAI;EACtC,OAAOA,MAAM,CAACC,KAAK,CAAC,EAAE,CAAC,CAACC,MAAM,CAC5B,UAACC,GAAG,EAAEC,MAAM;IAAA,OAAAC,aAAA,CAAAA,aAAA,KACPF,GAAG,OAAAG,eAAA,KACLF,MAAM,EAAGD,GAAG,CAACC,MAAM,CAAC,GAAGD,GAAG,CAACC,MAAM,CAAC,GAAG,CAAC,GAAG,CAAC;EAAA,CAC3C,EACF,CAAC,CACH,CAAC;AACH,CAAC","ignoreList":[]},"_coverageSchema":"1a1c01bbd47fc00a2c39e90264f33305004495a9","hash":"6e7719386f3239186d19bea599157ac066fb6a96","contentHash":"be382ea46dbd12f77155a5cb5727850904aa09fa901748ee5413a55cad029d21"}}