TN:
SF:src\Server\helpers\test-helpers.js
FN:1,_regenerator
FN:2,i
FN:5,(anonymous_24)
FN:5,_callee
FN:5,(anonymous_26)
FN:5,setDatabaseData
FN:16,(anonymous_28)
FN:16,_callee2
FN:16,(anonymous_30)
FN:16,getDatabaseData
FN:29,(anonymous_32)
FN:29,_callee3
FN:29,resetDatabase
FNF:13
FNH:13
FNDA:1,_regenerator
FNDA:123,i
FNDA:1,(anonymous_24)
FNDA:2,_callee
FNDA:6,(anonymous_26)
FNDA:2,setDatabaseData
FNDA:1,(anonymous_28)
FNDA:1,_callee2
FNDA:3,(anonymous_30)
FNDA:1,getDatabaseData
FNDA:1,(anonymous_32)
FNDA:8,_callee3
FNDA:2,resetDatabase
DA:1,1
DA:2,405
DA:3,1
DA:5,14
DA:6,2
DA:9,2
DA:13,2
DA:14,1
DA:16,7
DA:17,1
DA:20,1
DA:22,1
DA:24,1
DA:27,1
DA:29,14
DA:30,2
DA:33,2
DA:37,2
DA:38,1
LF:19
LH:19
BRDA:2,0,0,140
BRDA:2,0,1,130
BRDA:2,1,0,10
BRDA:2,1,1,10
BRDA:2,1,2,10
BRDA:2,1,3,10
BRDA:2,2,0,15
BRDA:2,2,1,0
BRDA:2,2,2,0
BRDA:2,3,0,25
BRDA:3,4,0,0
BRDA:3,4,1,1
BRDA:5,5,0,2
BRDA:5,5,1,2
BRDA:5,5,2,2
BRDA:5,5,3,2
BRDA:16,6,0,1
BRDA:16,6,1,1
BRDA:16,6,2,1
BRDA:29,7,0,2
BRDA:29,7,1,2
BRDA:29,7,2,2
BRDA:29,7,3,2
BRF:23
BRH:20
end_of_record
TN:
SF:src\Server\src\db.js
FN:1,_regenerator
FN:2,i
FN:5,(anonymous_24)
FN:5,_callee
FN:5,(anonymous_26)
FN:5,getUserByUsername
FNF:6
FNH:6
FNDA:1,_regenerator
FNDA:57,i
FNDA:1,(anonymous_24)
FNDA:2,_callee
FNDA:6,(anonymous_26)
FNDA:2,getUserByUsername
DA:1,1
DA:2,183
DA:3,1
DA:5,14
DA:6,2
DA:9,2
DA:11,2
DA:13,2
DA:16,1
LF:9
LH:9
BRDA:2,0,0,69
BRDA:2,0,1,52
BRDA:2,1,0,4
BRDA:2,1,1,4
BRDA:2,1,2,4
BRDA:2,1,3,4
BRDA:2,2,0,6
BRDA:2,2,1,0
BRDA:2,2,2,0
BRDA:2,3,0,10
BRDA:3,4,0,0
BRDA:3,4,1,1
BRDA:5,5,0,2
BRDA:5,5,1,2
BRDA:5,5,2,2
BRF:15
BRH:12
end_of_record
TN:
SF:src\Server\src\mocha-setup.js
FN:4,_interopRequireDefault
FNF:1
FNH:1
FNDA:2,_interopRequireDefault
DA:1,1
DA:3,1
DA:4,2
DA:5,1
LF:4
LH:4
BRDA:4,0,0,3
BRDA:4,0,1,3
BRF:2
BRH:2
end_of_record
TN:
SF:src\Server\src\server.js
FN:2,_interopRequireDefault
FN:2,i
FN:6,(anonymous_25)
FN:6,_callee
FN:6,(anonymous_27)
FN:20,(anonymous_28)
FNF:6
FNH:6
FNDA:3,_interopRequireDefault
FNDA:62,i
FNDA:1,(anonymous_25)
FNDA:3,_callee
FNDA:6,(anonymous_27)
FNDA:3,(anonymous_28)
DA:1,1
DA:2,233
DA:4,1
DA:6,17
DA:7,6
DA:10,2
DA:12,2
DA:13,1
DA:15,1
DA:16,6
DA:18,3
DA:20,4
LF:12
LH:12
BRDA:2,0,0,3
BRDA:2,0,1,3
BRDA:2,1,0,102
BRDA:2,1,1,77
BRDA:2,2,0,14
BRDA:2,2,1,14
BRDA:2,2,2,14
BRDA:2,2,3,13
BRDA:2,3,0,11
BRDA:2,3,1,0
BRDA:2,3,2,0
BRDA:2,4,0,12
BRDA:6,5,0,3
BRDA:6,5,1,2
BRDA:6,5,2,1
BRDA:6,5,3,3
BRDA:12,6,0,1
BRDA:12,6,1,1
BRF:18
BRH:16
end_of_record
TN:
SF:src\unit-testing-examples\anagram.js
FN:4,isAnagram
FNF:1
FNH:1
FNDA:10,isAnagram
DA:1,1
DA:2,1
DA:4,1
DA:5,10
DA:8,10
DA:12,10
LF:6
LH:6
BRF:0
BRH:0
end_of_record
TN:
SF:src\unit-testing-examples\letter-count.js
FN:4,getLetterCount
FN:6,(anonymous_12)
FNF:2
FNH:2
FNDA:23,getLetterCount
FNDA:155,(anonymous_12)
DA:4,1
DA:5,23
DA:6,155
LF:3
LH:3
BRDA:8,0,0,29
BRDA:8,0,1,126
BRF:2
BRH:2
end_of_record
